<?xml version="1.0" encoding="UTF-8"?>
<testng-results skipped="0" failed="0" total="1000" passed="1000">
  <reporter-output>
  </reporter-output>
  <suite name="Default suite" duration-ms="676" started-at="2016-05-15T08:24:49Z" finished-at="2016-05-15T08:24:49Z">
    <groups>
    </groups>
    <test name="Default test" duration-ms="676" started-at="2016-05-15T08:24:49Z" finished-at="2016-05-15T08:24:49Z">
      <class name="tests.LockFreeTest">
        <test-method status="PASS" signature="setUp()[pri:0, instance:tests.LockFreeTest@34033bd0]" name="setUp" is-config="true" duration-ms="47" started-at="2016-05-15T11:24:49Z" finished-at="2016-05-15T11:24:49Z">
          <reporter-output>
          </reporter-output>
        </test-method> <!-- setUp -->
        <test-method status="PASS" signature="test2()[pri:0, instance:tests.LockFreeTest@34033bd0]" name="test2" duration-ms="0" started-at="2016-05-15T11:24:49Z" finished-at="2016-05-15T11:24:49Z">
          <reporter-output>
          </reporter-output>
        </test-method> <!-- test2 -->
        <test-method status="PASS" signature="test2()[pri:0, instance:tests.LockFreeTest@34033bd0]" name="test2" duration-ms="0" started-at="2016-05-15T11:24:49Z" finished-at="2016-05-15T11:24:49Z">
          <reporter-output>
          </reporter-output>
        </test-method> <!-- test2 -->
        <test-method status="PASS" signature="test2()[pri:0, instance:tests.LockFreeTest@34033bd0]" name="test2" duration-ms="0" started-at="2016-05-15T11:24:49Z" finished-at="2016-05-15T11:24:49Z">
          <reporter-output>
          </reporter-output>
        </test-method> <!-- test2 -->
        <test-method status="PASS" signature="test2()[pri:0, instance:tests.LockFreeTest@34033bd0]" name="test2" duration-ms="0" started-at="2016-05-15T11:24:49Z" finished-at="2016-05-15T11:24:49Z">
          <reporter-output>
          </reporter-output>
        </test-method> <!-- test2 -->
        <test-method status="PASS" signature="test2()[pri:0, instance:tests.LockFreeTest@34033bd0]" name="test2" duration-ms="0" started-at="2016-05-15T11:24:49Z" finished-at="2016-05-15T11:24:49Z">
          <reporter-output>
          </reporter-output>
        </test-method> <!-- test2 -->
        <test-method status="PASS" signature="test2()[pri:0, instance:tests.LockFreeTest@34033bd0]" name="test2" duration-ms="0" started-at="2016-05-15T11:24:49Z" finished-at="2016-05-15T11:24:49Z">
          <reporter-output>
          </reporter-output>
        </test-method> <!-- test2 -->
        <test-method status="PASS" signature="test2()[pri:0, instance:tests.LockFreeTest@34033bd0]" name="test2" duration-ms="0" started-at="2016-05-15T11:24:49Z" finished-at="2016-05-15T11:24:49Z">
          <reporter-output>
          </reporter-output>
        </test-method> <!-- test2 -->
        <test-method status="PASS" signature="test2()[pri:0, instance:tests.LockFreeTest@34033bd0]" name="test2" duration-ms="0" started-at="2016-05-15T11:24:49Z" finished-at="2016-05-15T11:24:49Z">
          <reporter-output>
          </reporter-output>
        </test-method> <!-- test2 -->
        <test-method status="PASS" signature="test2()[pri:0, instance:tests.LockFreeTest@34033bd0]" name="test2" duration-ms="0" started-at="2016-05-15T11:24:49Z" finished-at="2016-05-15T11:24:49Z">
          <reporter-output>
          </reporter-output>
        </test-method> <!-- test2 -->
        <test-method status="PASS" signature="test2()[pri:0, instance:tests.LockFreeTest@34033bd0]" name="test2" duration-ms="0" started-at="2016-05-15T11:24:49Z" finished-at="2016-05-15T11:24:49Z">
          <reporter-output>
          </reporter-output>
        </test-method> <!-- test2 -->
        <test-method status="PASS" signature="test2()[pri:0, instance:tests.LockFreeTest@34033bd0]" name="test2" duration-ms="0" started-at="2016-05-15T11:24:49Z" finished-at="2016-05-15T11:24:49Z">
          <reporter-output>
          </reporter-output>
        </test-method> <!-- test2 -->
        <test-method status="PASS" signature="test2()[pri:0, instance:tests.LockFreeTest@34033bd0]" name="test2" duration-ms="0" started-at="2016-05-15T11:24:49Z" finished-at="2016-05-15T11:24:49Z">
          <reporter-output>
          </reporter-output>
        </test-method> <!-- test2 -->
        <test-method status="PASS" signature="test2()[pri:0, instance:tests.LockFreeTest@34033bd0]" name="test2" duration-ms="0" started-at="2016-05-15T11:24:49Z" finished-at="2016-05-15T11:24:49Z">
          <reporter-output>
          </reporter-output>
        </test-method> <!-- test2 -->
        <test-method status="PASS" signature="test2()[pri:0, instance:tests.LockFreeTest@34033bd0]" name="test2" duration-ms="0" started-at="2016-05-15T11:24:49Z" finished-at="2016-05-15T11:24:49Z">
          <reporter-output>
          </reporter-output>
        </test-method> <!-- test2 -->
        <test-method status="PASS" signature="test2()[pri:0, instance:tests.LockFreeTest@34033bd0]" name="test2" duration-ms="0" started-at="2016-05-15T11:24:49Z" finished-at="2016-05-15T11:24:49Z">
          <reporter-output>
          </reporter-output>
        </test-method> <!-- test2 -->
        <test-method status="PASS" signature="test2()[pri:0, instance:tests.LockFreeTest@34033bd0]" name="test2" duration-ms="0" started-at="2016-05-15T11:24:49Z" finished-at="2016-05-15T11:24:49Z">
          <reporter-output>
          </reporter-output>
        </test-method> <!-- test2 -->
        <test-method status="PASS" signature="test2()[pri:0, instance:tests.LockFreeTest@34033bd0]" name="test2" duration-ms="0" started-at="2016-05-15T11:24:49Z" finished-at="2016-05-15T11:24:49Z">
          <reporter-output>
          </reporter-output>
        </test-method> <!-- test2 -->
        <test-method status="PASS" signature="test2()[pri:0, instance:tests.LockFreeTest@34033bd0]" name="test2" duration-ms="15" started-at="2016-05-15T11:24:49Z" finished-at="2016-05-15T11:24:49Z">
          <reporter-output>
          </reporter-output>
        </test-method> <!-- test2 -->
        <test-method status="PASS" signature="test2()[pri:0, instance:tests.LockFreeTest@34033bd0]" name="test2" duration-ms="0" started-at="2016-05-15T11:24:49Z" finished-at="2016-05-15T11:24:49Z">
          <reporter-output>
          </reporter-output>
        </test-method> <!-- test2 -->
        <test-method status="PASS" signature="test2()[pri:0, instance:tests.LockFreeTest@34033bd0]" name="test2" duration-ms="0" started-at="2016-05-15T11:24:49Z" finished-at="2016-05-15T11:24:49Z">
          <reporter-output>
          </reporter-output>
        </test-method> <!-- test2 -->
        <test-method status="PASS" signature="test2()[pri:0, instance:tests.LockFreeTest@34033bd0]" name="test2" duration-ms="0" started-at="2016-05-15T11:24:49Z" finished-at="2016-05-15T11:24:49Z">
          <reporter-output>
          </reporter-output>
        </test-method> <!-- test2 -->
        <test-method status="PASS" signature="test2()[pri:0, instance:tests.LockFreeTest@34033bd0]" name="test2" duration-ms="15" started-at="2016-05-15T11:24:49Z" finished-at="2016-05-15T11:24:49Z">
          <reporter-output>
          </reporter-output>
        </test-method> <!-- test2 -->
        <test-method status="PASS" signature="test2()[pri:0, instance:tests.LockFreeTest@34033bd0]" name="test2" duration-ms="0" started-at="2016-05-15T11:24:49Z" finished-at="2016-05-15T11:24:49Z">
          <reporter-output>
          </reporter-output>
        </test-method> <!-- test2 -->
        <test-method status="PASS" signature="test2()[pri:0, instance:tests.LockFreeTest@34033bd0]" name="test2" duration-ms="0" started-at="2016-05-15T11:24:49Z" finished-at="2016-05-15T11:24:49Z">
          <reporter-output>
          </reporter-output>
        </test-method> <!-- test2 -->
        <test-method status="PASS" signature="test2()[pri:0, instance:tests.LockFreeTest@34033bd0]" name="test2" duration-ms="0" started-at="2016-05-15T11:24:49Z" finished-at="2016-05-15T11:24:49Z">
          <reporter-output>
          </reporter-output>
        </test-method> <!-- test2 -->
        <test-method status="PASS" signature="test2()[pri:0, instance:tests.LockFreeTest@34033bd0]" name="test2" duration-ms="0" started-at="2016-05-15T11:24:49Z" finished-at="2016-05-15T11:24:49Z">
          <reporter-output>
          </reporter-output>
        </test-method> <!-- test2 -->
        <test-method status="PASS" signature="test2()[pri:0, instance:tests.LockFreeTest@34033bd0]" name="test2" duration-ms="0" started-at="2016-05-15T11:24:49Z" finished-at="2016-05-15T11:24:49Z">
          <reporter-output>
          </reporter-output>
        </test-method> <!-- test2 -->
        <test-method status="PASS" signature="test2()[pri:0, instance:tests.LockFreeTest@34033bd0]" name="test2" duration-ms="0" started-at="2016-05-15T11:24:49Z" finished-at="2016-05-15T11:24:49Z">
          <reporter-output>
          </reporter-output>
        </test-method> <!-- test2 -->
        <test-method status="PASS" signature="test2()[pri:0, instance:tests.LockFreeTest@34033bd0]" name="test2" duration-ms="0" started-at="2016-05-15T11:24:49Z" finished-at="2016-05-15T11:24:49Z">
          <reporter-output>
          </reporter-output>
        </test-method> <!-- test2 -->
        <test-method status="PASS" signature="test2()[pri:0, instance:tests.LockFreeTest@34033bd0]" name="test2" duration-ms="0" started-at="2016-05-15T11:24:49Z" finished-at="2016-05-15T11:24:49Z">
          <reporter-output>
          </reporter-output>
        </test-method> <!-- test2 -->
        <test-method status="PASS" signature="test2()[pri:0, instance:tests.LockFreeTest@34033bd0]" name="test2" duration-ms="0" started-at="2016-05-15T11:24:49Z" finished-at="2016-05-15T11:24:49Z">
          <reporter-output>
          </reporter-output>
        </test-method> <!-- test2 -->
        <test-method status="PASS" signature="test2()[pri:0, instance:tests.LockFreeTest@34033bd0]" name="test2" duration-ms="0" started-at="2016-05-15T11:24:49Z" finished-at="2016-05-15T11:24:49Z">
          <reporter-output>
          </reporter-output>
        </test-method> <!-- test2 -->
        <test-method status="PASS" signature="test2()[pri:0, instance:tests.LockFreeTest@34033bd0]" name="test2" duration-ms="0" started-at="2016-05-15T11:24:49Z" finished-at="2016-05-15T11:24:49Z">
          <reporter-output>
          </reporter-output>
        </test-method> <!-- test2 -->
        <test-method status="PASS" signature="test2()[pri:0, instance:tests.LockFreeTest@34033bd0]" name="test2" duration-ms="0" started-at="2016-05-15T11:24:49Z" finished-at="2016-05-15T11:24:49Z">
          <reporter-output>
          </reporter-output>
        </test-method> <!-- test2 -->
        <test-method status="PASS" signature="test2()[pri:0, instance:tests.LockFreeTest@34033bd0]" name="test2" duration-ms="0" started-at="2016-05-15T11:24:49Z" finished-at="2016-05-15T11:24:49Z">
          <reporter-output>
          </reporter-output>
        </test-method> <!-- test2 -->
        <test-method status="PASS" signature="test2()[pri:0, instance:tests.LockFreeTest@34033bd0]" name="test2" duration-ms="0" started-at="2016-05-15T11:24:49Z" finished-at="2016-05-15T11:24:49Z">
          <reporter-output>
          </reporter-output>
        </test-method> <!-- test2 -->
        <test-method status="PASS" signature="test2()[pri:0, instance:tests.LockFreeTest@34033bd0]" name="test2" duration-ms="0" started-at="2016-05-15T11:24:49Z" finished-at="2016-05-15T11:24:49Z">
          <reporter-output>
          </reporter-output>
        </test-method> <!-- test2 -->
        <test-method status="PASS" signature="test2()[pri:0, instance:tests.LockFreeTest@34033bd0]" name="test2" duration-ms="0" started-at="2016-05-15T11:24:49Z" finished-at="2016-05-15T11:24:49Z">
          <reporter-output>
          </reporter-output>
        </test-method> <!-- test2 -->
        <test-method status="PASS" signature="test2()[pri:0, instance:tests.LockFreeTest@34033bd0]" name="test2" duration-ms="0" started-at="2016-05-15T11:24:49Z" finished-at="2016-05-15T11:24:49Z">
          <reporter-output>
          </reporter-output>
        </test-method> <!-- test2 -->
        <test-method status="PASS" signature="test2()[pri:0, instance:tests.LockFreeTest@34033bd0]" name="test2" duration-ms="0" started-at="2016-05-15T11:24:49Z" finished-at="2016-05-15T11:24:49Z">
          <reporter-output>
          </reporter-output>
        </test-method> <!-- test2 -->
        <test-method status="PASS" signature="test2()[pri:0, instance:tests.LockFreeTest@34033bd0]" name="test2" duration-ms="0" started-at="2016-05-15T11:24:49Z" finished-at="2016-05-15T11:24:49Z">
          <reporter-output>
          </reporter-output>
        </test-method> <!-- test2 -->
        <test-method status="PASS" signature="test2()[pri:0, instance:tests.LockFreeTest@34033bd0]" name="test2" duration-ms="0" started-at="2016-05-15T11:24:49Z" finished-at="2016-05-15T11:24:49Z">
          <reporter-output>
          </reporter-output>
        </test-method> <!-- test2 -->
        <test-method status="PASS" signature="test2()[pri:0, instance:tests.LockFreeTest@34033bd0]" name="test2" duration-ms="0" started-at="2016-05-15T11:24:49Z" finished-at="2016-05-15T11:24:49Z">
          <reporter-output>
          </reporter-output>
        </test-method> <!-- test2 -->
        <test-method status="PASS" signature="test2()[pri:0, instance:tests.LockFreeTest@34033bd0]" name="test2" duration-ms="0" started-at="2016-05-15T11:24:49Z" finished-at="2016-05-15T11:24:49Z">
          <reporter-output>
          </reporter-output>
        </test-method> <!-- test2 -->
        <test-method status="PASS" signature="test2()[pri:0, instance:tests.LockFreeTest@34033bd0]" name="test2" duration-ms="0" started-at="2016-05-15T11:24:49Z" finished-at="2016-05-15T11:24:49Z">
          <reporter-output>
          </reporter-output>
        </test-method> <!-- test2 -->
        <test-method status="PASS" signature="test2()[pri:0, instance:tests.LockFreeTest@34033bd0]" name="test2" duration-ms="0" started-at="2016-05-15T11:24:49Z" finished-at="2016-05-15T11:24:49Z">
          <reporter-output>
          </reporter-output>
        </test-method> <!-- test2 -->
        <test-method status="PASS" signature="test2()[pri:0, instance:tests.LockFreeTest@34033bd0]" name="test2" duration-ms="0" started-at="2016-05-15T11:24:49Z" finished-at="2016-05-15T11:24:49Z">
          <reporter-output>
          </reporter-output>
        </test-method> <!-- test2 -->
        <test-method status="PASS" signature="test2()[pri:0, instance:tests.LockFreeTest@34033bd0]" name="test2" duration-ms="0" started-at="2016-05-15T11:24:49Z" finished-at="2016-05-15T11:24:49Z">
          <reporter-output>
          </reporter-output>
        </test-method> <!-- test2 -->
        <test-method status="PASS" signature="test2()[pri:0, instance:tests.LockFreeTest@34033bd0]" name="test2" duration-ms="0" started-at="2016-05-15T11:24:49Z" finished-at="2016-05-15T11:24:49Z">
          <reporter-output>
          </reporter-output>
        </test-method> <!-- test2 -->
        <test-method status="PASS" signature="test2()[pri:0, instance:tests.LockFreeTest@34033bd0]" name="test2" duration-ms="0" started-at="2016-05-15T11:24:49Z" finished-at="2016-05-15T11:24:49Z">
          <reporter-output>
          </reporter-output>
        </test-method> <!-- test2 -->
        <test-method status="PASS" signature="test2()[pri:0, instance:tests.LockFreeTest@34033bd0]" name="test2" duration-ms="0" started-at="2016-05-15T11:24:49Z" finished-at="2016-05-15T11:24:49Z">
          <reporter-output>
          </reporter-output>
        </test-method> <!-- test2 -->
        <test-method status="PASS" signature="test2()[pri:0, instance:tests.LockFreeTest@34033bd0]" name="test2" duration-ms="0" started-at="2016-05-15T11:24:49Z" finished-at="2016-05-15T11:24:49Z">
          <reporter-output>
          </reporter-output>
        </test-method> <!-- test2 -->
        <test-method status="PASS" signature="test2()[pri:0, instance:tests.LockFreeTest@34033bd0]" name="test2" duration-ms="0" started-at="2016-05-15T11:24:49Z" finished-at="2016-05-15T11:24:49Z">
          <reporter-output>
          </reporter-output>
        </test-method> <!-- test2 -->
        <test-method status="PASS" signature="test2()[pri:0, instance:tests.LockFreeTest@34033bd0]" name="test2" duration-ms="0" started-at="2016-05-15T11:24:49Z" finished-at="2016-05-15T11:24:49Z">
          <reporter-output>
          </reporter-output>
        </test-method> <!-- test2 -->
        <test-method status="PASS" signature="test2()[pri:0, instance:tests.LockFreeTest@34033bd0]" name="test2" duration-ms="0" started-at="2016-05-15T11:24:49Z" finished-at="2016-05-15T11:24:49Z">
          <reporter-output>
          </reporter-output>
        </test-method> <!-- test2 -->
        <test-method status="PASS" signature="test2()[pri:0, instance:tests.LockFreeTest@34033bd0]" name="test2" duration-ms="0" started-at="2016-05-15T11:24:49Z" finished-at="2016-05-15T11:24:49Z">
          <reporter-output>
          </reporter-output>
        </test-method> <!-- test2 -->
        <test-method status="PASS" signature="test2()[pri:0, instance:tests.LockFreeTest@34033bd0]" name="test2" duration-ms="0" started-at="2016-05-15T11:24:49Z" finished-at="2016-05-15T11:24:49Z">
          <reporter-output>
          </reporter-output>
        </test-method> <!-- test2 -->
        <test-method status="PASS" signature="test2()[pri:0, instance:tests.LockFreeTest@34033bd0]" name="test2" duration-ms="0" started-at="2016-05-15T11:24:49Z" finished-at="2016-05-15T11:24:49Z">
          <reporter-output>
          </reporter-output>
        </test-method> <!-- test2 -->
        <test-method status="PASS" signature="test2()[pri:0, instance:tests.LockFreeTest@34033bd0]" name="test2" duration-ms="0" started-at="2016-05-15T11:24:49Z" finished-at="2016-05-15T11:24:49Z">
          <reporter-output>
          </reporter-output>
        </test-method> <!-- test2 -->
        <test-method status="PASS" signature="test2()[pri:0, instance:tests.LockFreeTest@34033bd0]" name="test2" duration-ms="0" started-at="2016-05-15T11:24:49Z" finished-at="2016-05-15T11:24:49Z">
          <reporter-output>
          </reporter-output>
        </test-method> <!-- test2 -->
        <test-method status="PASS" signature="test2()[pri:0, instance:tests.LockFreeTest@34033bd0]" name="test2" duration-ms="0" started-at="2016-05-15T11:24:49Z" finished-at="2016-05-15T11:24:49Z">
          <reporter-output>
          </reporter-output>
        </test-method> <!-- test2 -->
        <test-method status="PASS" signature="test2()[pri:0, instance:tests.LockFreeTest@34033bd0]" name="test2" duration-ms="0" started-at="2016-05-15T11:24:49Z" finished-at="2016-05-15T11:24:49Z">
          <reporter-output>
          </reporter-output>
        </test-method> <!-- test2 -->
        <test-method status="PASS" signature="test2()[pri:0, instance:tests.LockFreeTest@34033bd0]" name="test2" duration-ms="0" started-at="2016-05-15T11:24:49Z" finished-at="2016-05-15T11:24:49Z">
          <reporter-output>
          </reporter-output>
        </test-method> <!-- test2 -->
        <test-method status="PASS" signature="test2()[pri:0, instance:tests.LockFreeTest@34033bd0]" name="test2" duration-ms="0" started-at="2016-05-15T11:24:49Z" finished-at="2016-05-15T11:24:49Z">
          <reporter-output>
          </reporter-output>
        </test-method> <!-- test2 -->
        <test-method status="PASS" signature="test2()[pri:0, instance:tests.LockFreeTest@34033bd0]" name="test2" duration-ms="0" started-at="2016-05-15T11:24:49Z" finished-at="2016-05-15T11:24:49Z">
          <reporter-output>
          </reporter-output>
        </test-method> <!-- test2 -->
        <test-method status="PASS" signature="test2()[pri:0, instance:tests.LockFreeTest@34033bd0]" name="test2" duration-ms="0" started-at="2016-05-15T11:24:49Z" finished-at="2016-05-15T11:24:49Z">
          <reporter-output>
          </reporter-output>
        </test-method> <!-- test2 -->
        <test-method status="PASS" signature="test2()[pri:0, instance:tests.LockFreeTest@34033bd0]" name="test2" duration-ms="0" started-at="2016-05-15T11:24:49Z" finished-at="2016-05-15T11:24:49Z">
          <reporter-output>
          </reporter-output>
        </test-method> <!-- test2 -->
        <test-method status="PASS" signature="test2()[pri:0, instance:tests.LockFreeTest@34033bd0]" name="test2" duration-ms="0" started-at="2016-05-15T11:24:49Z" finished-at="2016-05-15T11:24:49Z">
          <reporter-output>
          </reporter-output>
        </test-method> <!-- test2 -->
        <test-method status="PASS" signature="test2()[pri:0, instance:tests.LockFreeTest@34033bd0]" name="test2" duration-ms="0" started-at="2016-05-15T11:24:49Z" finished-at="2016-05-15T11:24:49Z">
          <reporter-output>
          </reporter-output>
        </test-method> <!-- test2 -->
        <test-method status="PASS" signature="test2()[pri:0, instance:tests.LockFreeTest@34033bd0]" name="test2" duration-ms="0" started-at="2016-05-15T11:24:49Z" finished-at="2016-05-15T11:24:49Z">
          <reporter-output>
          </reporter-output>
        </test-method> <!-- test2 -->
        <test-method status="PASS" signature="test2()[pri:0, instance:tests.LockFreeTest@34033bd0]" name="test2" duration-ms="16" started-at="2016-05-15T11:24:49Z" finished-at="2016-05-15T11:24:49Z">
          <reporter-output>
          </reporter-output>
        </test-method> <!-- test2 -->
        <test-method status="PASS" signature="test2()[pri:0, instance:tests.LockFreeTest@34033bd0]" name="test2" duration-ms="0" started-at="2016-05-15T11:24:49Z" finished-at="2016-05-15T11:24:49Z">
          <reporter-output>
          </reporter-output>
        </test-method> <!-- test2 -->
        <test-method status="PASS" signature="test2()[pri:0, instance:tests.LockFreeTest@34033bd0]" name="test2" duration-ms="0" started-at="2016-05-15T11:24:49Z" finished-at="2016-05-15T11:24:49Z">
          <reporter-output>
          </reporter-output>
        </test-method> <!-- test2 -->
        <test-method status="PASS" signature="test2()[pri:0, instance:tests.LockFreeTest@34033bd0]" name="test2" duration-ms="0" started-at="2016-05-15T11:24:49Z" finished-at="2016-05-15T11:24:49Z">
          <reporter-output>
          </reporter-output>
        </test-method> <!-- test2 -->
        <test-method status="PASS" signature="test2()[pri:0, instance:tests.LockFreeTest@34033bd0]" name="test2" duration-ms="0" started-at="2016-05-15T11:24:49Z" finished-at="2016-05-15T11:24:49Z">
          <reporter-output>
          </reporter-output>
        </test-method> <!-- test2 -->
        <test-method status="PASS" signature="test2()[pri:0, instance:tests.LockFreeTest@34033bd0]" name="test2" duration-ms="0" started-at="2016-05-15T11:24:49Z" finished-at="2016-05-15T11:24:49Z">
          <reporter-output>
          </reporter-output>
        </test-method> <!-- test2 -->
        <test-method status="PASS" signature="test2()[pri:0, instance:tests.LockFreeTest@34033bd0]" name="test2" duration-ms="0" started-at="2016-05-15T11:24:49Z" finished-at="2016-05-15T11:24:49Z">
          <reporter-output>
          </reporter-output>
        </test-method> <!-- test2 -->
        <test-method status="PASS" signature="test2()[pri:0, instance:tests.LockFreeTest@34033bd0]" name="test2" duration-ms="0" started-at="2016-05-15T11:24:49Z" finished-at="2016-05-15T11:24:49Z">
          <reporter-output>
          </reporter-output>
        </test-method> <!-- test2 -->
        <test-method status="PASS" signature="test2()[pri:0, instance:tests.LockFreeTest@34033bd0]" name="test2" duration-ms="0" started-at="2016-05-15T11:24:49Z" finished-at="2016-05-15T11:24:49Z">
          <reporter-output>
          </reporter-output>
        </test-method> <!-- test2 -->
        <test-method status="PASS" signature="test2()[pri:0, instance:tests.LockFreeTest@34033bd0]" name="test2" duration-ms="0" started-at="2016-05-15T11:24:49Z" finished-at="2016-05-15T11:24:49Z">
          <reporter-output>
          </reporter-output>
        </test-method> <!-- test2 -->
        <test-method status="PASS" signature="test2()[pri:0, instance:tests.LockFreeTest@34033bd0]" name="test2" duration-ms="0" started-at="2016-05-15T11:24:49Z" finished-at="2016-05-15T11:24:49Z">
          <reporter-output>
          </reporter-output>
        </test-method> <!-- test2 -->
        <test-method status="PASS" signature="test2()[pri:0, instance:tests.LockFreeTest@34033bd0]" name="test2" duration-ms="0" started-at="2016-05-15T11:24:49Z" finished-at="2016-05-15T11:24:49Z">
          <reporter-output>
          </reporter-output>
        </test-method> <!-- test2 -->
        <test-method status="PASS" signature="test2()[pri:0, instance:tests.LockFreeTest@34033bd0]" name="test2" duration-ms="0" started-at="2016-05-15T11:24:49Z" finished-at="2016-05-15T11:24:49Z">
          <reporter-output>
          </reporter-output>
        </test-method> <!-- test2 -->
        <test-method status="PASS" signature="test2()[pri:0, instance:tests.LockFreeTest@34033bd0]" name="test2" duration-ms="0" started-at="2016-05-15T11:24:49Z" finished-at="2016-05-15T11:24:49Z">
          <reporter-output>
          </reporter-output>
        </test-method> <!-- test2 -->
        <test-method status="PASS" signature="test2()[pri:0, instance:tests.LockFreeTest@34033bd0]" name="test2" duration-ms="0" started-at="2016-05-15T11:24:49Z" finished-at="2016-05-15T11:24:49Z">
          <reporter-output>
          </reporter-output>
        </test-method> <!-- test2 -->
        <test-method status="PASS" signature="test2()[pri:0, instance:tests.LockFreeTest@34033bd0]" name="test2" duration-ms="0" started-at="2016-05-15T11:24:49Z" finished-at="2016-05-15T11:24:49Z">
          <reporter-output>
          </reporter-output>
        </test-method> <!-- test2 -->
        <test-method status="PASS" signature="test2()[pri:0, instance:tests.LockFreeTest@34033bd0]" name="test2" duration-ms="0" started-at="2016-05-15T11:24:49Z" finished-at="2016-05-15T11:24:49Z">
          <reporter-output>
          </reporter-output>
        </test-method> <!-- test2 -->
        <test-method status="PASS" signature="test2()[pri:0, instance:tests.LockFreeTest@34033bd0]" name="test2" duration-ms="0" started-at="2016-05-15T11:24:49Z" finished-at="2016-05-15T11:24:49Z">
          <reporter-output>
          </reporter-output>
        </test-method> <!-- test2 -->
        <test-method status="PASS" signature="test2()[pri:0, instance:tests.LockFreeTest@34033bd0]" name="test2" duration-ms="0" started-at="2016-05-15T11:24:49Z" finished-at="2016-05-15T11:24:49Z">
          <reporter-output>
          </reporter-output>
        </test-method> <!-- test2 -->
        <test-method status="PASS" signature="test2()[pri:0, instance:tests.LockFreeTest@34033bd0]" name="test2" duration-ms="0" started-at="2016-05-15T11:24:49Z" finished-at="2016-05-15T11:24:49Z">
          <reporter-output>
          </reporter-output>
        </test-method> <!-- test2 -->
        <test-method status="PASS" signature="test2()[pri:0, instance:tests.LockFreeTest@34033bd0]" name="test2" duration-ms="0" started-at="2016-05-15T11:24:49Z" finished-at="2016-05-15T11:24:49Z">
          <reporter-output>
          </reporter-output>
        </test-method> <!-- test2 -->
        <test-method status="PASS" signature="test2()[pri:0, instance:tests.LockFreeTest@34033bd0]" name="test2" duration-ms="0" started-at="2016-05-15T11:24:49Z" finished-at="2016-05-15T11:24:49Z">
          <reporter-output>
          </reporter-output>
        </test-method> <!-- test2 -->
        <test-method status="PASS" signature="test2()[pri:0, instance:tests.LockFreeTest@34033bd0]" name="test2" duration-ms="0" started-at="2016-05-15T11:24:49Z" finished-at="2016-05-15T11:24:49Z">
          <reporter-output>
          </reporter-output>
        </test-method> <!-- test2 -->
        <test-method status="PASS" signature="test2()[pri:0, instance:tests.LockFreeTest@34033bd0]" name="test2" duration-ms="0" started-at="2016-05-15T11:24:49Z" finished-at="2016-05-15T11:24:49Z">
          <reporter-output>
          </reporter-output>
        </test-method> <!-- test2 -->
        <test-method status="PASS" signature="test2()[pri:0, instance:tests.LockFreeTest@34033bd0]" name="test2" duration-ms="0" started-at="2016-05-15T11:24:49Z" finished-at="2016-05-15T11:24:49Z">
          <reporter-output>
          </reporter-output>
        </test-method> <!-- test2 -->
        <test-method status="PASS" signature="test2()[pri:0, instance:tests.LockFreeTest@34033bd0]" name="test2" duration-ms="0" started-at="2016-05-15T11:24:49Z" finished-at="2016-05-15T11:24:49Z">
          <reporter-output>
          </reporter-output>
        </test-method> <!-- test2 -->
        <test-method status="PASS" signature="test2()[pri:0, instance:tests.LockFreeTest@34033bd0]" name="test2" duration-ms="0" started-at="2016-05-15T11:24:49Z" finished-at="2016-05-15T11:24:49Z">
          <reporter-output>
          </reporter-output>
        </test-method> <!-- test2 -->
        <test-method status="PASS" signature="test2()[pri:0, instance:tests.LockFreeTest@34033bd0]" name="test2" duration-ms="0" started-at="2016-05-15T11:24:49Z" finished-at="2016-05-15T11:24:49Z">
          <reporter-output>
          </reporter-output>
        </test-method> <!-- test2 -->
        <test-method status="PASS" signature="test2()[pri:0, instance:tests.LockFreeTest@34033bd0]" name="test2" duration-ms="0" started-at="2016-05-15T11:24:49Z" finished-at="2016-05-15T11:24:49Z">
          <reporter-output>
          </reporter-output>
        </test-method> <!-- test2 -->
        <test-method status="PASS" signature="test2()[pri:0, instance:tests.LockFreeTest@34033bd0]" name="test2" duration-ms="0" started-at="2016-05-15T11:24:49Z" finished-at="2016-05-15T11:24:49Z">
          <reporter-output>
          </reporter-output>
        </test-method> <!-- test2 -->
        <test-method status="PASS" signature="test2()[pri:0, instance:tests.LockFreeTest@34033bd0]" name="test2" duration-ms="0" started-at="2016-05-15T11:24:49Z" finished-at="2016-05-15T11:24:49Z">
          <reporter-output>
          </reporter-output>
        </test-method> <!-- test2 -->
        <test-method status="PASS" signature="test2()[pri:0, instance:tests.LockFreeTest@34033bd0]" name="test2" duration-ms="0" started-at="2016-05-15T11:24:49Z" finished-at="2016-05-15T11:24:49Z">
          <reporter-output>
          </reporter-output>
        </test-method> <!-- test2 -->
        <test-method status="PASS" signature="test2()[pri:0, instance:tests.LockFreeTest@34033bd0]" name="test2" duration-ms="0" started-at="2016-05-15T11:24:49Z" finished-at="2016-05-15T11:24:49Z">
          <reporter-output>
          </reporter-output>
        </test-method> <!-- test2 -->
        <test-method status="PASS" signature="test2()[pri:0, instance:tests.LockFreeTest@34033bd0]" name="test2" duration-ms="0" started-at="2016-05-15T11:24:49Z" finished-at="2016-05-15T11:24:49Z">
          <reporter-output>
          </reporter-output>
        </test-method> <!-- test2 -->
        <test-method status="PASS" signature="test2()[pri:0, instance:tests.LockFreeTest@34033bd0]" name="test2" duration-ms="0" started-at="2016-05-15T11:24:49Z" finished-at="2016-05-15T11:24:49Z">
          <reporter-output>
          </reporter-output>
        </test-method> <!-- test2 -->
        <test-method status="PASS" signature="test2()[pri:0, instance:tests.LockFreeTest@34033bd0]" name="test2" duration-ms="0" started-at="2016-05-15T11:24:49Z" finished-at="2016-05-15T11:24:49Z">
          <reporter-output>
          </reporter-output>
        </test-method> <!-- test2 -->
        <test-method status="PASS" signature="test2()[pri:0, instance:tests.LockFreeTest@34033bd0]" name="test2" duration-ms="0" started-at="2016-05-15T11:24:49Z" finished-at="2016-05-15T11:24:49Z">
          <reporter-output>
          </reporter-output>
        </test-method> <!-- test2 -->
        <test-method status="PASS" signature="test2()[pri:0, instance:tests.LockFreeTest@34033bd0]" name="test2" duration-ms="0" started-at="2016-05-15T11:24:49Z" finished-at="2016-05-15T11:24:49Z">
          <reporter-output>
          </reporter-output>
        </test-method> <!-- test2 -->
        <test-method status="PASS" signature="test2()[pri:0, instance:tests.LockFreeTest@34033bd0]" name="test2" duration-ms="0" started-at="2016-05-15T11:24:49Z" finished-at="2016-05-15T11:24:49Z">
          <reporter-output>
          </reporter-output>
        </test-method> <!-- test2 -->
        <test-method status="PASS" signature="test2()[pri:0, instance:tests.LockFreeTest@34033bd0]" name="test2" duration-ms="0" started-at="2016-05-15T11:24:49Z" finished-at="2016-05-15T11:24:49Z">
          <reporter-output>
          </reporter-output>
        </test-method> <!-- test2 -->
        <test-method status="PASS" signature="test2()[pri:0, instance:tests.LockFreeTest@34033bd0]" name="test2" duration-ms="0" started-at="2016-05-15T11:24:49Z" finished-at="2016-05-15T11:24:49Z">
          <reporter-output>
          </reporter-output>
        </test-method> <!-- test2 -->
        <test-method status="PASS" signature="test2()[pri:0, instance:tests.LockFreeTest@34033bd0]" name="test2" duration-ms="0" started-at="2016-05-15T11:24:49Z" finished-at="2016-05-15T11:24:49Z">
          <reporter-output>
          </reporter-output>
        </test-method> <!-- test2 -->
        <test-method status="PASS" signature="test2()[pri:0, instance:tests.LockFreeTest@34033bd0]" name="test2" duration-ms="0" started-at="2016-05-15T11:24:49Z" finished-at="2016-05-15T11:24:49Z">
          <reporter-output>
          </reporter-output>
        </test-method> <!-- test2 -->
        <test-method status="PASS" signature="test2()[pri:0, instance:tests.LockFreeTest@34033bd0]" name="test2" duration-ms="0" started-at="2016-05-15T11:24:49Z" finished-at="2016-05-15T11:24:49Z">
          <reporter-output>
          </reporter-output>
        </test-method> <!-- test2 -->
        <test-method status="PASS" signature="test2()[pri:0, instance:tests.LockFreeTest@34033bd0]" name="test2" duration-ms="0" started-at="2016-05-15T11:24:49Z" finished-at="2016-05-15T11:24:49Z">
          <reporter-output>
          </reporter-output>
        </test-method> <!-- test2 -->
        <test-method status="PASS" signature="test2()[pri:0, instance:tests.LockFreeTest@34033bd0]" name="test2" duration-ms="0" started-at="2016-05-15T11:24:49Z" finished-at="2016-05-15T11:24:49Z">
          <reporter-output>
          </reporter-output>
        </test-method> <!-- test2 -->
        <test-method status="PASS" signature="test2()[pri:0, instance:tests.LockFreeTest@34033bd0]" name="test2" duration-ms="0" started-at="2016-05-15T11:24:49Z" finished-at="2016-05-15T11:24:49Z">
          <reporter-output>
          </reporter-output>
        </test-method> <!-- test2 -->
        <test-method status="PASS" signature="test2()[pri:0, instance:tests.LockFreeTest@34033bd0]" name="test2" duration-ms="0" started-at="2016-05-15T11:24:49Z" finished-at="2016-05-15T11:24:49Z">
          <reporter-output>
          </reporter-output>
        </test-method> <!-- test2 -->
        <test-method status="PASS" signature="test2()[pri:0, instance:tests.LockFreeTest@34033bd0]" name="test2" duration-ms="0" started-at="2016-05-15T11:24:49Z" finished-at="2016-05-15T11:24:49Z">
          <reporter-output>
          </reporter-output>
        </test-method> <!-- test2 -->
        <test-method status="PASS" signature="test2()[pri:0, instance:tests.LockFreeTest@34033bd0]" name="test2" duration-ms="0" started-at="2016-05-15T11:24:49Z" finished-at="2016-05-15T11:24:49Z">
          <reporter-output>
          </reporter-output>
        </test-method> <!-- test2 -->
        <test-method status="PASS" signature="test2()[pri:0, instance:tests.LockFreeTest@34033bd0]" name="test2" duration-ms="0" started-at="2016-05-15T11:24:49Z" finished-at="2016-05-15T11:24:49Z">
          <reporter-output>
          </reporter-output>
        </test-method> <!-- test2 -->
        <test-method status="PASS" signature="test2()[pri:0, instance:tests.LockFreeTest@34033bd0]" name="test2" duration-ms="0" started-at="2016-05-15T11:24:49Z" finished-at="2016-05-15T11:24:49Z">
          <reporter-output>
          </reporter-output>
        </test-method> <!-- test2 -->
        <test-method status="PASS" signature="test2()[pri:0, instance:tests.LockFreeTest@34033bd0]" name="test2" duration-ms="0" started-at="2016-05-15T11:24:49Z" finished-at="2016-05-15T11:24:49Z">
          <reporter-output>
          </reporter-output>
        </test-method> <!-- test2 -->
        <test-method status="PASS" signature="test2()[pri:0, instance:tests.LockFreeTest@34033bd0]" name="test2" duration-ms="0" started-at="2016-05-15T11:24:49Z" finished-at="2016-05-15T11:24:49Z">
          <reporter-output>
          </reporter-output>
        </test-method> <!-- test2 -->
        <test-method status="PASS" signature="test2()[pri:0, instance:tests.LockFreeTest@34033bd0]" name="test2" duration-ms="0" started-at="2016-05-15T11:24:49Z" finished-at="2016-05-15T11:24:49Z">
          <reporter-output>
          </reporter-output>
        </test-method> <!-- test2 -->
        <test-method status="PASS" signature="test2()[pri:0, instance:tests.LockFreeTest@34033bd0]" name="test2" duration-ms="0" started-at="2016-05-15T11:24:49Z" finished-at="2016-05-15T11:24:49Z">
          <reporter-output>
          </reporter-output>
        </test-method> <!-- test2 -->
        <test-method status="PASS" signature="test2()[pri:0, instance:tests.LockFreeTest@34033bd0]" name="test2" duration-ms="0" started-at="2016-05-15T11:24:49Z" finished-at="2016-05-15T11:24:49Z">
          <reporter-output>
          </reporter-output>
        </test-method> <!-- test2 -->
        <test-method status="PASS" signature="test2()[pri:0, instance:tests.LockFreeTest@34033bd0]" name="test2" duration-ms="0" started-at="2016-05-15T11:24:49Z" finished-at="2016-05-15T11:24:49Z">
          <reporter-output>
          </reporter-output>
        </test-method> <!-- test2 -->
        <test-method status="PASS" signature="test2()[pri:0, instance:tests.LockFreeTest@34033bd0]" name="test2" duration-ms="0" started-at="2016-05-15T11:24:49Z" finished-at="2016-05-15T11:24:49Z">
          <reporter-output>
          </reporter-output>
        </test-method> <!-- test2 -->
        <test-method status="PASS" signature="test2()[pri:0, instance:tests.LockFreeTest@34033bd0]" name="test2" duration-ms="0" started-at="2016-05-15T11:24:49Z" finished-at="2016-05-15T11:24:49Z">
          <reporter-output>
          </reporter-output>
        </test-method> <!-- test2 -->
        <test-method status="PASS" signature="test2()[pri:0, instance:tests.LockFreeTest@34033bd0]" name="test2" duration-ms="0" started-at="2016-05-15T11:24:49Z" finished-at="2016-05-15T11:24:49Z">
          <reporter-output>
          </reporter-output>
        </test-method> <!-- test2 -->
        <test-method status="PASS" signature="test2()[pri:0, instance:tests.LockFreeTest@34033bd0]" name="test2" duration-ms="0" started-at="2016-05-15T11:24:49Z" finished-at="2016-05-15T11:24:49Z">
          <reporter-output>
          </reporter-output>
        </test-method> <!-- test2 -->
        <test-method status="PASS" signature="test2()[pri:0, instance:tests.LockFreeTest@34033bd0]" name="test2" duration-ms="0" started-at="2016-05-15T11:24:49Z" finished-at="2016-05-15T11:24:49Z">
          <reporter-output>
          </reporter-output>
        </test-method> <!-- test2 -->
        <test-method status="PASS" signature="test2()[pri:0, instance:tests.LockFreeTest@34033bd0]" name="test2" duration-ms="0" started-at="2016-05-15T11:24:49Z" finished-at="2016-05-15T11:24:49Z">
          <reporter-output>
          </reporter-output>
        </test-method> <!-- test2 -->
        <test-method status="PASS" signature="test2()[pri:0, instance:tests.LockFreeTest@34033bd0]" name="test2" duration-ms="0" started-at="2016-05-15T11:24:49Z" finished-at="2016-05-15T11:24:49Z">
          <reporter-output>
          </reporter-output>
        </test-method> <!-- test2 -->
        <test-method status="PASS" signature="test2()[pri:0, instance:tests.LockFreeTest@34033bd0]" name="test2" duration-ms="0" started-at="2016-05-15T11:24:49Z" finished-at="2016-05-15T11:24:49Z">
          <reporter-output>
          </reporter-output>
        </test-method> <!-- test2 -->
        <test-method status="PASS" signature="test2()[pri:0, instance:tests.LockFreeTest@34033bd0]" name="test2" duration-ms="0" started-at="2016-05-15T11:24:49Z" finished-at="2016-05-15T11:24:49Z">
          <reporter-output>
          </reporter-output>
        </test-method> <!-- test2 -->
        <test-method status="PASS" signature="test2()[pri:0, instance:tests.LockFreeTest@34033bd0]" name="test2" duration-ms="0" started-at="2016-05-15T11:24:49Z" finished-at="2016-05-15T11:24:49Z">
          <reporter-output>
          </reporter-output>
        </test-method> <!-- test2 -->
        <test-method status="PASS" signature="test2()[pri:0, instance:tests.LockFreeTest@34033bd0]" name="test2" duration-ms="0" started-at="2016-05-15T11:24:49Z" finished-at="2016-05-15T11:24:49Z">
          <reporter-output>
          </reporter-output>
        </test-method> <!-- test2 -->
        <test-method status="PASS" signature="test2()[pri:0, instance:tests.LockFreeTest@34033bd0]" name="test2" duration-ms="0" started-at="2016-05-15T11:24:49Z" finished-at="2016-05-15T11:24:49Z">
          <reporter-output>
          </reporter-output>
        </test-method> <!-- test2 -->
        <test-method status="PASS" signature="test2()[pri:0, instance:tests.LockFreeTest@34033bd0]" name="test2" duration-ms="0" started-at="2016-05-15T11:24:49Z" finished-at="2016-05-15T11:24:49Z">
          <reporter-output>
          </reporter-output>
        </test-method> <!-- test2 -->
        <test-method status="PASS" signature="test2()[pri:0, instance:tests.LockFreeTest@34033bd0]" name="test2" duration-ms="0" started-at="2016-05-15T11:24:49Z" finished-at="2016-05-15T11:24:49Z">
          <reporter-output>
          </reporter-output>
        </test-method> <!-- test2 -->
        <test-method status="PASS" signature="test2()[pri:0, instance:tests.LockFreeTest@34033bd0]" name="test2" duration-ms="0" started-at="2016-05-15T11:24:49Z" finished-at="2016-05-15T11:24:49Z">
          <reporter-output>
          </reporter-output>
        </test-method> <!-- test2 -->
        <test-method status="PASS" signature="test2()[pri:0, instance:tests.LockFreeTest@34033bd0]" name="test2" duration-ms="0" started-at="2016-05-15T11:24:49Z" finished-at="2016-05-15T11:24:49Z">
          <reporter-output>
          </reporter-output>
        </test-method> <!-- test2 -->
        <test-method status="PASS" signature="test2()[pri:0, instance:tests.LockFreeTest@34033bd0]" name="test2" duration-ms="0" started-at="2016-05-15T11:24:49Z" finished-at="2016-05-15T11:24:49Z">
          <reporter-output>
          </reporter-output>
        </test-method> <!-- test2 -->
        <test-method status="PASS" signature="test2()[pri:0, instance:tests.LockFreeTest@34033bd0]" name="test2" duration-ms="0" started-at="2016-05-15T11:24:49Z" finished-at="2016-05-15T11:24:49Z">
          <reporter-output>
          </reporter-output>
        </test-method> <!-- test2 -->
        <test-method status="PASS" signature="test2()[pri:0, instance:tests.LockFreeTest@34033bd0]" name="test2" duration-ms="0" started-at="2016-05-15T11:24:49Z" finished-at="2016-05-15T11:24:49Z">
          <reporter-output>
          </reporter-output>
        </test-method> <!-- test2 -->
        <test-method status="PASS" signature="test2()[pri:0, instance:tests.LockFreeTest@34033bd0]" name="test2" duration-ms="0" started-at="2016-05-15T11:24:49Z" finished-at="2016-05-15T11:24:49Z">
          <reporter-output>
          </reporter-output>
        </test-method> <!-- test2 -->
        <test-method status="PASS" signature="test2()[pri:0, instance:tests.LockFreeTest@34033bd0]" name="test2" duration-ms="0" started-at="2016-05-15T11:24:49Z" finished-at="2016-05-15T11:24:49Z">
          <reporter-output>
          </reporter-output>
        </test-method> <!-- test2 -->
        <test-method status="PASS" signature="test2()[pri:0, instance:tests.LockFreeTest@34033bd0]" name="test2" duration-ms="0" started-at="2016-05-15T11:24:49Z" finished-at="2016-05-15T11:24:49Z">
          <reporter-output>
          </reporter-output>
        </test-method> <!-- test2 -->
        <test-method status="PASS" signature="test2()[pri:0, instance:tests.LockFreeTest@34033bd0]" name="test2" duration-ms="0" started-at="2016-05-15T11:24:49Z" finished-at="2016-05-15T11:24:49Z">
          <reporter-output>
          </reporter-output>
        </test-method> <!-- test2 -->
        <test-method status="PASS" signature="test2()[pri:0, instance:tests.LockFreeTest@34033bd0]" name="test2" duration-ms="0" started-at="2016-05-15T11:24:49Z" finished-at="2016-05-15T11:24:49Z">
          <reporter-output>
          </reporter-output>
        </test-method> <!-- test2 -->
        <test-method status="PASS" signature="test2()[pri:0, instance:tests.LockFreeTest@34033bd0]" name="test2" duration-ms="0" started-at="2016-05-15T11:24:49Z" finished-at="2016-05-15T11:24:49Z">
          <reporter-output>
          </reporter-output>
        </test-method> <!-- test2 -->
        <test-method status="PASS" signature="test2()[pri:0, instance:tests.LockFreeTest@34033bd0]" name="test2" duration-ms="0" started-at="2016-05-15T11:24:49Z" finished-at="2016-05-15T11:24:49Z">
          <reporter-output>
          </reporter-output>
        </test-method> <!-- test2 -->
        <test-method status="PASS" signature="test2()[pri:0, instance:tests.LockFreeTest@34033bd0]" name="test2" duration-ms="0" started-at="2016-05-15T11:24:49Z" finished-at="2016-05-15T11:24:49Z">
          <reporter-output>
          </reporter-output>
        </test-method> <!-- test2 -->
        <test-method status="PASS" signature="test2()[pri:0, instance:tests.LockFreeTest@34033bd0]" name="test2" duration-ms="0" started-at="2016-05-15T11:24:49Z" finished-at="2016-05-15T11:24:49Z">
          <reporter-output>
          </reporter-output>
        </test-method> <!-- test2 -->
        <test-method status="PASS" signature="test2()[pri:0, instance:tests.LockFreeTest@34033bd0]" name="test2" duration-ms="0" started-at="2016-05-15T11:24:49Z" finished-at="2016-05-15T11:24:49Z">
          <reporter-output>
          </reporter-output>
        </test-method> <!-- test2 -->
        <test-method status="PASS" signature="test2()[pri:0, instance:tests.LockFreeTest@34033bd0]" name="test2" duration-ms="0" started-at="2016-05-15T11:24:49Z" finished-at="2016-05-15T11:24:49Z">
          <reporter-output>
          </reporter-output>
        </test-method> <!-- test2 -->
        <test-method status="PASS" signature="test2()[pri:0, instance:tests.LockFreeTest@34033bd0]" name="test2" duration-ms="0" started-at="2016-05-15T11:24:49Z" finished-at="2016-05-15T11:24:49Z">
          <reporter-output>
          </reporter-output>
        </test-method> <!-- test2 -->
        <test-method status="PASS" signature="test2()[pri:0, instance:tests.LockFreeTest@34033bd0]" name="test2" duration-ms="0" started-at="2016-05-15T11:24:49Z" finished-at="2016-05-15T11:24:49Z">
          <reporter-output>
          </reporter-output>
        </test-method> <!-- test2 -->
        <test-method status="PASS" signature="test2()[pri:0, instance:tests.LockFreeTest@34033bd0]" name="test2" duration-ms="0" started-at="2016-05-15T11:24:49Z" finished-at="2016-05-15T11:24:49Z">
          <reporter-output>
          </reporter-output>
        </test-method> <!-- test2 -->
        <test-method status="PASS" signature="test2()[pri:0, instance:tests.LockFreeTest@34033bd0]" name="test2" duration-ms="0" started-at="2016-05-15T11:24:49Z" finished-at="2016-05-15T11:24:49Z">
          <reporter-output>
          </reporter-output>
        </test-method> <!-- test2 -->
        <test-method status="PASS" signature="test2()[pri:0, instance:tests.LockFreeTest@34033bd0]" name="test2" duration-ms="0" started-at="2016-05-15T11:24:49Z" finished-at="2016-05-15T11:24:49Z">
          <reporter-output>
          </reporter-output>
        </test-method> <!-- test2 -->
        <test-method status="PASS" signature="test2()[pri:0, instance:tests.LockFreeTest@34033bd0]" name="test2" duration-ms="0" started-at="2016-05-15T11:24:49Z" finished-at="2016-05-15T11:24:49Z">
          <reporter-output>
          </reporter-output>
        </test-method> <!-- test2 -->
        <test-method status="PASS" signature="test2()[pri:0, instance:tests.LockFreeTest@34033bd0]" name="test2" duration-ms="0" started-at="2016-05-15T11:24:49Z" finished-at="2016-05-15T11:24:49Z">
          <reporter-output>
          </reporter-output>
        </test-method> <!-- test2 -->
        <test-method status="PASS" signature="test2()[pri:0, instance:tests.LockFreeTest@34033bd0]" name="test2" duration-ms="0" started-at="2016-05-15T11:24:49Z" finished-at="2016-05-15T11:24:49Z">
          <reporter-output>
          </reporter-output>
        </test-method> <!-- test2 -->
        <test-method status="PASS" signature="test2()[pri:0, instance:tests.LockFreeTest@34033bd0]" name="test2" duration-ms="0" started-at="2016-05-15T11:24:49Z" finished-at="2016-05-15T11:24:49Z">
          <reporter-output>
          </reporter-output>
        </test-method> <!-- test2 -->
        <test-method status="PASS" signature="test2()[pri:0, instance:tests.LockFreeTest@34033bd0]" name="test2" duration-ms="0" started-at="2016-05-15T11:24:49Z" finished-at="2016-05-15T11:24:49Z">
          <reporter-output>
          </reporter-output>
        </test-method> <!-- test2 -->
        <test-method status="PASS" signature="test2()[pri:0, instance:tests.LockFreeTest@34033bd0]" name="test2" duration-ms="0" started-at="2016-05-15T11:24:49Z" finished-at="2016-05-15T11:24:49Z">
          <reporter-output>
          </reporter-output>
        </test-method> <!-- test2 -->
        <test-method status="PASS" signature="test2()[pri:0, instance:tests.LockFreeTest@34033bd0]" name="test2" duration-ms="0" started-at="2016-05-15T11:24:49Z" finished-at="2016-05-15T11:24:49Z">
          <reporter-output>
          </reporter-output>
        </test-method> <!-- test2 -->
        <test-method status="PASS" signature="test2()[pri:0, instance:tests.LockFreeTest@34033bd0]" name="test2" duration-ms="0" started-at="2016-05-15T11:24:49Z" finished-at="2016-05-15T11:24:49Z">
          <reporter-output>
          </reporter-output>
        </test-method> <!-- test2 -->
        <test-method status="PASS" signature="test2()[pri:0, instance:tests.LockFreeTest@34033bd0]" name="test2" duration-ms="0" started-at="2016-05-15T11:24:49Z" finished-at="2016-05-15T11:24:49Z">
          <reporter-output>
          </reporter-output>
        </test-method> <!-- test2 -->
        <test-method status="PASS" signature="test2()[pri:0, instance:tests.LockFreeTest@34033bd0]" name="test2" duration-ms="0" started-at="2016-05-15T11:24:49Z" finished-at="2016-05-15T11:24:49Z">
          <reporter-output>
          </reporter-output>
        </test-method> <!-- test2 -->
        <test-method status="PASS" signature="test2()[pri:0, instance:tests.LockFreeTest@34033bd0]" name="test2" duration-ms="0" started-at="2016-05-15T11:24:49Z" finished-at="2016-05-15T11:24:49Z">
          <reporter-output>
          </reporter-output>
        </test-method> <!-- test2 -->
        <test-method status="PASS" signature="test2()[pri:0, instance:tests.LockFreeTest@34033bd0]" name="test2" duration-ms="0" started-at="2016-05-15T11:24:49Z" finished-at="2016-05-15T11:24:49Z">
          <reporter-output>
          </reporter-output>
        </test-method> <!-- test2 -->
        <test-method status="PASS" signature="test2()[pri:0, instance:tests.LockFreeTest@34033bd0]" name="test2" duration-ms="0" started-at="2016-05-15T11:24:49Z" finished-at="2016-05-15T11:24:49Z">
          <reporter-output>
          </reporter-output>
        </test-method> <!-- test2 -->
        <test-method status="PASS" signature="test2()[pri:0, instance:tests.LockFreeTest@34033bd0]" name="test2" duration-ms="0" started-at="2016-05-15T11:24:49Z" finished-at="2016-05-15T11:24:49Z">
          <reporter-output>
          </reporter-output>
        </test-method> <!-- test2 -->
        <test-method status="PASS" signature="test2()[pri:0, instance:tests.LockFreeTest@34033bd0]" name="test2" duration-ms="0" started-at="2016-05-15T11:24:49Z" finished-at="2016-05-15T11:24:49Z">
          <reporter-output>
          </reporter-output>
        </test-method> <!-- test2 -->
        <test-method status="PASS" signature="test2()[pri:0, instance:tests.LockFreeTest@34033bd0]" name="test2" duration-ms="0" started-at="2016-05-15T11:24:49Z" finished-at="2016-05-15T11:24:49Z">
          <reporter-output>
          </reporter-output>
        </test-method> <!-- test2 -->
        <test-method status="PASS" signature="test2()[pri:0, instance:tests.LockFreeTest@34033bd0]" name="test2" duration-ms="0" started-at="2016-05-15T11:24:49Z" finished-at="2016-05-15T11:24:49Z">
          <reporter-output>
          </reporter-output>
        </test-method> <!-- test2 -->
        <test-method status="PASS" signature="test2()[pri:0, instance:tests.LockFreeTest@34033bd0]" name="test2" duration-ms="0" started-at="2016-05-15T11:24:49Z" finished-at="2016-05-15T11:24:49Z">
          <reporter-output>
          </reporter-output>
        </test-method> <!-- test2 -->
        <test-method status="PASS" signature="test2()[pri:0, instance:tests.LockFreeTest@34033bd0]" name="test2" duration-ms="0" started-at="2016-05-15T11:24:49Z" finished-at="2016-05-15T11:24:49Z">
          <reporter-output>
          </reporter-output>
        </test-method> <!-- test2 -->
        <test-method status="PASS" signature="test2()[pri:0, instance:tests.LockFreeTest@34033bd0]" name="test2" duration-ms="0" started-at="2016-05-15T11:24:49Z" finished-at="2016-05-15T11:24:49Z">
          <reporter-output>
          </reporter-output>
        </test-method> <!-- test2 -->
        <test-method status="PASS" signature="test2()[pri:0, instance:tests.LockFreeTest@34033bd0]" name="test2" duration-ms="0" started-at="2016-05-15T11:24:49Z" finished-at="2016-05-15T11:24:49Z">
          <reporter-output>
          </reporter-output>
        </test-method> <!-- test2 -->
        <test-method status="PASS" signature="test2()[pri:0, instance:tests.LockFreeTest@34033bd0]" name="test2" duration-ms="0" started-at="2016-05-15T11:24:49Z" finished-at="2016-05-15T11:24:49Z">
          <reporter-output>
          </reporter-output>
        </test-method> <!-- test2 -->
        <test-method status="PASS" signature="test2()[pri:0, instance:tests.LockFreeTest@34033bd0]" name="test2" duration-ms="0" started-at="2016-05-15T11:24:49Z" finished-at="2016-05-15T11:24:49Z">
          <reporter-output>
          </reporter-output>
        </test-method> <!-- test2 -->
        <test-method status="PASS" signature="test2()[pri:0, instance:tests.LockFreeTest@34033bd0]" name="test2" duration-ms="0" started-at="2016-05-15T11:24:49Z" finished-at="2016-05-15T11:24:49Z">
          <reporter-output>
          </reporter-output>
        </test-method> <!-- test2 -->
        <test-method status="PASS" signature="test2()[pri:0, instance:tests.LockFreeTest@34033bd0]" name="test2" duration-ms="0" started-at="2016-05-15T11:24:49Z" finished-at="2016-05-15T11:24:49Z">
          <reporter-output>
          </reporter-output>
        </test-method> <!-- test2 -->
        <test-method status="PASS" signature="test2()[pri:0, instance:tests.LockFreeTest@34033bd0]" name="test2" duration-ms="0" started-at="2016-05-15T11:24:49Z" finished-at="2016-05-15T11:24:49Z">
          <reporter-output>
          </reporter-output>
        </test-method> <!-- test2 -->
        <test-method status="PASS" signature="test2()[pri:0, instance:tests.LockFreeTest@34033bd0]" name="test2" duration-ms="0" started-at="2016-05-15T11:24:49Z" finished-at="2016-05-15T11:24:49Z">
          <reporter-output>
          </reporter-output>
        </test-method> <!-- test2 -->
        <test-method status="PASS" signature="test2()[pri:0, instance:tests.LockFreeTest@34033bd0]" name="test2" duration-ms="0" started-at="2016-05-15T11:24:49Z" finished-at="2016-05-15T11:24:49Z">
          <reporter-output>
          </reporter-output>
        </test-method> <!-- test2 -->
        <test-method status="PASS" signature="test2()[pri:0, instance:tests.LockFreeTest@34033bd0]" name="test2" duration-ms="0" started-at="2016-05-15T11:24:49Z" finished-at="2016-05-15T11:24:49Z">
          <reporter-output>
          </reporter-output>
        </test-method> <!-- test2 -->
        <test-method status="PASS" signature="test2()[pri:0, instance:tests.LockFreeTest@34033bd0]" name="test2" duration-ms="0" started-at="2016-05-15T11:24:49Z" finished-at="2016-05-15T11:24:49Z">
          <reporter-output>
          </reporter-output>
        </test-method> <!-- test2 -->
        <test-method status="PASS" signature="test2()[pri:0, instance:tests.LockFreeTest@34033bd0]" name="test2" duration-ms="0" started-at="2016-05-15T11:24:49Z" finished-at="2016-05-15T11:24:49Z">
          <reporter-output>
          </reporter-output>
        </test-method> <!-- test2 -->
        <test-method status="PASS" signature="test2()[pri:0, instance:tests.LockFreeTest@34033bd0]" name="test2" duration-ms="0" started-at="2016-05-15T11:24:49Z" finished-at="2016-05-15T11:24:49Z">
          <reporter-output>
          </reporter-output>
        </test-method> <!-- test2 -->
        <test-method status="PASS" signature="test2()[pri:0, instance:tests.LockFreeTest@34033bd0]" name="test2" duration-ms="0" started-at="2016-05-15T11:24:49Z" finished-at="2016-05-15T11:24:49Z">
          <reporter-output>
          </reporter-output>
        </test-method> <!-- test2 -->
        <test-method status="PASS" signature="test2()[pri:0, instance:tests.LockFreeTest@34033bd0]" name="test2" duration-ms="0" started-at="2016-05-15T11:24:49Z" finished-at="2016-05-15T11:24:49Z">
          <reporter-output>
          </reporter-output>
        </test-method> <!-- test2 -->
        <test-method status="PASS" signature="test2()[pri:0, instance:tests.LockFreeTest@34033bd0]" name="test2" duration-ms="0" started-at="2016-05-15T11:24:49Z" finished-at="2016-05-15T11:24:49Z">
          <reporter-output>
          </reporter-output>
        </test-method> <!-- test2 -->
        <test-method status="PASS" signature="test2()[pri:0, instance:tests.LockFreeTest@34033bd0]" name="test2" duration-ms="0" started-at="2016-05-15T11:24:49Z" finished-at="2016-05-15T11:24:49Z">
          <reporter-output>
          </reporter-output>
        </test-method> <!-- test2 -->
        <test-method status="PASS" signature="test2()[pri:0, instance:tests.LockFreeTest@34033bd0]" name="test2" duration-ms="0" started-at="2016-05-15T11:24:49Z" finished-at="2016-05-15T11:24:49Z">
          <reporter-output>
          </reporter-output>
        </test-method> <!-- test2 -->
        <test-method status="PASS" signature="test2()[pri:0, instance:tests.LockFreeTest@34033bd0]" name="test2" duration-ms="0" started-at="2016-05-15T11:24:49Z" finished-at="2016-05-15T11:24:49Z">
          <reporter-output>
          </reporter-output>
        </test-method> <!-- test2 -->
        <test-method status="PASS" signature="test2()[pri:0, instance:tests.LockFreeTest@34033bd0]" name="test2" duration-ms="0" started-at="2016-05-15T11:24:49Z" finished-at="2016-05-15T11:24:49Z">
          <reporter-output>
          </reporter-output>
        </test-method> <!-- test2 -->
        <test-method status="PASS" signature="test2()[pri:0, instance:tests.LockFreeTest@34033bd0]" name="test2" duration-ms="0" started-at="2016-05-15T11:24:49Z" finished-at="2016-05-15T11:24:49Z">
          <reporter-output>
          </reporter-output>
        </test-method> <!-- test2 -->
        <test-method status="PASS" signature="test2()[pri:0, instance:tests.LockFreeTest@34033bd0]" name="test2" duration-ms="0" started-at="2016-05-15T11:24:49Z" finished-at="2016-05-15T11:24:49Z">
          <reporter-output>
          </reporter-output>
        </test-method> <!-- test2 -->
        <test-method status="PASS" signature="test2()[pri:0, instance:tests.LockFreeTest@34033bd0]" name="test2" duration-ms="0" started-at="2016-05-15T11:24:49Z" finished-at="2016-05-15T11:24:49Z">
          <reporter-output>
          </reporter-output>
        </test-method> <!-- test2 -->
        <test-method status="PASS" signature="test2()[pri:0, instance:tests.LockFreeTest@34033bd0]" name="test2" duration-ms="0" started-at="2016-05-15T11:24:49Z" finished-at="2016-05-15T11:24:49Z">
          <reporter-output>
          </reporter-output>
        </test-method> <!-- test2 -->
        <test-method status="PASS" signature="test2()[pri:0, instance:tests.LockFreeTest@34033bd0]" name="test2" duration-ms="0" started-at="2016-05-15T11:24:49Z" finished-at="2016-05-15T11:24:49Z">
          <reporter-output>
          </reporter-output>
        </test-method> <!-- test2 -->
        <test-method status="PASS" signature="test2()[pri:0, instance:tests.LockFreeTest@34033bd0]" name="test2" duration-ms="0" started-at="2016-05-15T11:24:49Z" finished-at="2016-05-15T11:24:49Z">
          <reporter-output>
          </reporter-output>
        </test-method> <!-- test2 -->
        <test-method status="PASS" signature="test2()[pri:0, instance:tests.LockFreeTest@34033bd0]" name="test2" duration-ms="0" started-at="2016-05-15T11:24:49Z" finished-at="2016-05-15T11:24:49Z">
          <reporter-output>
          </reporter-output>
        </test-method> <!-- test2 -->
        <test-method status="PASS" signature="test2()[pri:0, instance:tests.LockFreeTest@34033bd0]" name="test2" duration-ms="0" started-at="2016-05-15T11:24:49Z" finished-at="2016-05-15T11:24:49Z">
          <reporter-output>
          </reporter-output>
        </test-method> <!-- test2 -->
        <test-method status="PASS" signature="test2()[pri:0, instance:tests.LockFreeTest@34033bd0]" name="test2" duration-ms="0" started-at="2016-05-15T11:24:49Z" finished-at="2016-05-15T11:24:49Z">
          <reporter-output>
          </reporter-output>
        </test-method> <!-- test2 -->
        <test-method status="PASS" signature="test2()[pri:0, instance:tests.LockFreeTest@34033bd0]" name="test2" duration-ms="0" started-at="2016-05-15T11:24:49Z" finished-at="2016-05-15T11:24:49Z">
          <reporter-output>
          </reporter-output>
        </test-method> <!-- test2 -->
        <test-method status="PASS" signature="test2()[pri:0, instance:tests.LockFreeTest@34033bd0]" name="test2" duration-ms="0" started-at="2016-05-15T11:24:49Z" finished-at="2016-05-15T11:24:49Z">
          <reporter-output>
          </reporter-output>
        </test-method> <!-- test2 -->
        <test-method status="PASS" signature="test2()[pri:0, instance:tests.LockFreeTest@34033bd0]" name="test2" duration-ms="0" started-at="2016-05-15T11:24:49Z" finished-at="2016-05-15T11:24:49Z">
          <reporter-output>
          </reporter-output>
        </test-method> <!-- test2 -->
        <test-method status="PASS" signature="test2()[pri:0, instance:tests.LockFreeTest@34033bd0]" name="test2" duration-ms="0" started-at="2016-05-15T11:24:49Z" finished-at="2016-05-15T11:24:49Z">
          <reporter-output>
          </reporter-output>
        </test-method> <!-- test2 -->
        <test-method status="PASS" signature="test2()[pri:0, instance:tests.LockFreeTest@34033bd0]" name="test2" duration-ms="0" started-at="2016-05-15T11:24:49Z" finished-at="2016-05-15T11:24:49Z">
          <reporter-output>
          </reporter-output>
        </test-method> <!-- test2 -->
        <test-method status="PASS" signature="test2()[pri:0, instance:tests.LockFreeTest@34033bd0]" name="test2" duration-ms="0" started-at="2016-05-15T11:24:49Z" finished-at="2016-05-15T11:24:49Z">
          <reporter-output>
          </reporter-output>
        </test-method> <!-- test2 -->
        <test-method status="PASS" signature="test2()[pri:0, instance:tests.LockFreeTest@34033bd0]" name="test2" duration-ms="0" started-at="2016-05-15T11:24:49Z" finished-at="2016-05-15T11:24:49Z">
          <reporter-output>
          </reporter-output>
        </test-method> <!-- test2 -->
        <test-method status="PASS" signature="test2()[pri:0, instance:tests.LockFreeTest@34033bd0]" name="test2" duration-ms="0" started-at="2016-05-15T11:24:49Z" finished-at="2016-05-15T11:24:49Z">
          <reporter-output>
          </reporter-output>
        </test-method> <!-- test2 -->
        <test-method status="PASS" signature="test2()[pri:0, instance:tests.LockFreeTest@34033bd0]" name="test2" duration-ms="0" started-at="2016-05-15T11:24:49Z" finished-at="2016-05-15T11:24:49Z">
          <reporter-output>
          </reporter-output>
        </test-method> <!-- test2 -->
        <test-method status="PASS" signature="test2()[pri:0, instance:tests.LockFreeTest@34033bd0]" name="test2" duration-ms="0" started-at="2016-05-15T11:24:49Z" finished-at="2016-05-15T11:24:49Z">
          <reporter-output>
          </reporter-output>
        </test-method> <!-- test2 -->
        <test-method status="PASS" signature="test2()[pri:0, instance:tests.LockFreeTest@34033bd0]" name="test2" duration-ms="0" started-at="2016-05-15T11:24:49Z" finished-at="2016-05-15T11:24:49Z">
          <reporter-output>
          </reporter-output>
        </test-method> <!-- test2 -->
        <test-method status="PASS" signature="test2()[pri:0, instance:tests.LockFreeTest@34033bd0]" name="test2" duration-ms="0" started-at="2016-05-15T11:24:49Z" finished-at="2016-05-15T11:24:49Z">
          <reporter-output>
          </reporter-output>
        </test-method> <!-- test2 -->
        <test-method status="PASS" signature="test2()[pri:0, instance:tests.LockFreeTest@34033bd0]" name="test2" duration-ms="0" started-at="2016-05-15T11:24:49Z" finished-at="2016-05-15T11:24:49Z">
          <reporter-output>
          </reporter-output>
        </test-method> <!-- test2 -->
        <test-method status="PASS" signature="test2()[pri:0, instance:tests.LockFreeTest@34033bd0]" name="test2" duration-ms="0" started-at="2016-05-15T11:24:49Z" finished-at="2016-05-15T11:24:49Z">
          <reporter-output>
          </reporter-output>
        </test-method> <!-- test2 -->
        <test-method status="PASS" signature="test2()[pri:0, instance:tests.LockFreeTest@34033bd0]" name="test2" duration-ms="0" started-at="2016-05-15T11:24:49Z" finished-at="2016-05-15T11:24:49Z">
          <reporter-output>
          </reporter-output>
        </test-method> <!-- test2 -->
        <test-method status="PASS" signature="test2()[pri:0, instance:tests.LockFreeTest@34033bd0]" name="test2" duration-ms="0" started-at="2016-05-15T11:24:49Z" finished-at="2016-05-15T11:24:49Z">
          <reporter-output>
          </reporter-output>
        </test-method> <!-- test2 -->
        <test-method status="PASS" signature="test2()[pri:0, instance:tests.LockFreeTest@34033bd0]" name="test2" duration-ms="0" started-at="2016-05-15T11:24:49Z" finished-at="2016-05-15T11:24:49Z">
          <reporter-output>
          </reporter-output>
        </test-method> <!-- test2 -->
        <test-method status="PASS" signature="test2()[pri:0, instance:tests.LockFreeTest@34033bd0]" name="test2" duration-ms="0" started-at="2016-05-15T11:24:49Z" finished-at="2016-05-15T11:24:49Z">
          <reporter-output>
          </reporter-output>
        </test-method> <!-- test2 -->
        <test-method status="PASS" signature="test2()[pri:0, instance:tests.LockFreeTest@34033bd0]" name="test2" duration-ms="0" started-at="2016-05-15T11:24:49Z" finished-at="2016-05-15T11:24:49Z">
          <reporter-output>
          </reporter-output>
        </test-method> <!-- test2 -->
        <test-method status="PASS" signature="test2()[pri:0, instance:tests.LockFreeTest@34033bd0]" name="test2" duration-ms="0" started-at="2016-05-15T11:24:49Z" finished-at="2016-05-15T11:24:49Z">
          <reporter-output>
          </reporter-output>
        </test-method> <!-- test2 -->
        <test-method status="PASS" signature="test2()[pri:0, instance:tests.LockFreeTest@34033bd0]" name="test2" duration-ms="0" started-at="2016-05-15T11:24:49Z" finished-at="2016-05-15T11:24:49Z">
          <reporter-output>
          </reporter-output>
        </test-method> <!-- test2 -->
        <test-method status="PASS" signature="test2()[pri:0, instance:tests.LockFreeTest@34033bd0]" name="test2" duration-ms="15" started-at="2016-05-15T11:24:49Z" finished-at="2016-05-15T11:24:49Z">
          <reporter-output>
          </reporter-output>
        </test-method> <!-- test2 -->
        <test-method status="PASS" signature="test2()[pri:0, instance:tests.LockFreeTest@34033bd0]" name="test2" duration-ms="0" started-at="2016-05-15T11:24:49Z" finished-at="2016-05-15T11:24:49Z">
          <reporter-output>
          </reporter-output>
        </test-method> <!-- test2 -->
        <test-method status="PASS" signature="test2()[pri:0, instance:tests.LockFreeTest@34033bd0]" name="test2" duration-ms="0" started-at="2016-05-15T11:24:49Z" finished-at="2016-05-15T11:24:49Z">
          <reporter-output>
          </reporter-output>
        </test-method> <!-- test2 -->
        <test-method status="PASS" signature="test2()[pri:0, instance:tests.LockFreeTest@34033bd0]" name="test2" duration-ms="0" started-at="2016-05-15T11:24:49Z" finished-at="2016-05-15T11:24:49Z">
          <reporter-output>
          </reporter-output>
        </test-method> <!-- test2 -->
        <test-method status="PASS" signature="test2()[pri:0, instance:tests.LockFreeTest@34033bd0]" name="test2" duration-ms="0" started-at="2016-05-15T11:24:49Z" finished-at="2016-05-15T11:24:49Z">
          <reporter-output>
          </reporter-output>
        </test-method> <!-- test2 -->
        <test-method status="PASS" signature="test2()[pri:0, instance:tests.LockFreeTest@34033bd0]" name="test2" duration-ms="0" started-at="2016-05-15T11:24:49Z" finished-at="2016-05-15T11:24:49Z">
          <reporter-output>
          </reporter-output>
        </test-method> <!-- test2 -->
        <test-method status="PASS" signature="test2()[pri:0, instance:tests.LockFreeTest@34033bd0]" name="test2" duration-ms="0" started-at="2016-05-15T11:24:49Z" finished-at="2016-05-15T11:24:49Z">
          <reporter-output>
          </reporter-output>
        </test-method> <!-- test2 -->
        <test-method status="PASS" signature="test2()[pri:0, instance:tests.LockFreeTest@34033bd0]" name="test2" duration-ms="0" started-at="2016-05-15T11:24:49Z" finished-at="2016-05-15T11:24:49Z">
          <reporter-output>
          </reporter-output>
        </test-method> <!-- test2 -->
        <test-method status="PASS" signature="test2()[pri:0, instance:tests.LockFreeTest@34033bd0]" name="test2" duration-ms="0" started-at="2016-05-15T11:24:49Z" finished-at="2016-05-15T11:24:49Z">
          <reporter-output>
          </reporter-output>
        </test-method> <!-- test2 -->
        <test-method status="PASS" signature="test2()[pri:0, instance:tests.LockFreeTest@34033bd0]" name="test2" duration-ms="0" started-at="2016-05-15T11:24:49Z" finished-at="2016-05-15T11:24:49Z">
          <reporter-output>
          </reporter-output>
        </test-method> <!-- test2 -->
        <test-method status="PASS" signature="test2()[pri:0, instance:tests.LockFreeTest@34033bd0]" name="test2" duration-ms="0" started-at="2016-05-15T11:24:49Z" finished-at="2016-05-15T11:24:49Z">
          <reporter-output>
          </reporter-output>
        </test-method> <!-- test2 -->
        <test-method status="PASS" signature="test2()[pri:0, instance:tests.LockFreeTest@34033bd0]" name="test2" duration-ms="0" started-at="2016-05-15T11:24:49Z" finished-at="2016-05-15T11:24:49Z">
          <reporter-output>
          </reporter-output>
        </test-method> <!-- test2 -->
        <test-method status="PASS" signature="test2()[pri:0, instance:tests.LockFreeTest@34033bd0]" name="test2" duration-ms="0" started-at="2016-05-15T11:24:49Z" finished-at="2016-05-15T11:24:49Z">
          <reporter-output>
          </reporter-output>
        </test-method> <!-- test2 -->
        <test-method status="PASS" signature="test2()[pri:0, instance:tests.LockFreeTest@34033bd0]" name="test2" duration-ms="0" started-at="2016-05-15T11:24:49Z" finished-at="2016-05-15T11:24:49Z">
          <reporter-output>
          </reporter-output>
        </test-method> <!-- test2 -->
        <test-method status="PASS" signature="test2()[pri:0, instance:tests.LockFreeTest@34033bd0]" name="test2" duration-ms="0" started-at="2016-05-15T11:24:49Z" finished-at="2016-05-15T11:24:49Z">
          <reporter-output>
          </reporter-output>
        </test-method> <!-- test2 -->
        <test-method status="PASS" signature="test2()[pri:0, instance:tests.LockFreeTest@34033bd0]" name="test2" duration-ms="0" started-at="2016-05-15T11:24:49Z" finished-at="2016-05-15T11:24:49Z">
          <reporter-output>
          </reporter-output>
        </test-method> <!-- test2 -->
        <test-method status="PASS" signature="test2()[pri:0, instance:tests.LockFreeTest@34033bd0]" name="test2" duration-ms="0" started-at="2016-05-15T11:24:49Z" finished-at="2016-05-15T11:24:49Z">
          <reporter-output>
          </reporter-output>
        </test-method> <!-- test2 -->
        <test-method status="PASS" signature="test2()[pri:0, instance:tests.LockFreeTest@34033bd0]" name="test2" duration-ms="0" started-at="2016-05-15T11:24:49Z" finished-at="2016-05-15T11:24:49Z">
          <reporter-output>
          </reporter-output>
        </test-method> <!-- test2 -->
        <test-method status="PASS" signature="test2()[pri:0, instance:tests.LockFreeTest@34033bd0]" name="test2" duration-ms="0" started-at="2016-05-15T11:24:49Z" finished-at="2016-05-15T11:24:49Z">
          <reporter-output>
          </reporter-output>
        </test-method> <!-- test2 -->
        <test-method status="PASS" signature="test2()[pri:0, instance:tests.LockFreeTest@34033bd0]" name="test2" duration-ms="0" started-at="2016-05-15T11:24:49Z" finished-at="2016-05-15T11:24:49Z">
          <reporter-output>
          </reporter-output>
        </test-method> <!-- test2 -->
        <test-method status="PASS" signature="test2()[pri:0, instance:tests.LockFreeTest@34033bd0]" name="test2" duration-ms="0" started-at="2016-05-15T11:24:49Z" finished-at="2016-05-15T11:24:49Z">
          <reporter-output>
          </reporter-output>
        </test-method> <!-- test2 -->
        <test-method status="PASS" signature="test2()[pri:0, instance:tests.LockFreeTest@34033bd0]" name="test2" duration-ms="0" started-at="2016-05-15T11:24:49Z" finished-at="2016-05-15T11:24:49Z">
          <reporter-output>
          </reporter-output>
        </test-method> <!-- test2 -->
        <test-method status="PASS" signature="test2()[pri:0, instance:tests.LockFreeTest@34033bd0]" name="test2" duration-ms="0" started-at="2016-05-15T11:24:49Z" finished-at="2016-05-15T11:24:49Z">
          <reporter-output>
          </reporter-output>
        </test-method> <!-- test2 -->
        <test-method status="PASS" signature="test2()[pri:0, instance:tests.LockFreeTest@34033bd0]" name="test2" duration-ms="0" started-at="2016-05-15T11:24:49Z" finished-at="2016-05-15T11:24:49Z">
          <reporter-output>
          </reporter-output>
        </test-method> <!-- test2 -->
        <test-method status="PASS" signature="test2()[pri:0, instance:tests.LockFreeTest@34033bd0]" name="test2" duration-ms="0" started-at="2016-05-15T11:24:49Z" finished-at="2016-05-15T11:24:49Z">
          <reporter-output>
          </reporter-output>
        </test-method> <!-- test2 -->
        <test-method status="PASS" signature="test2()[pri:0, instance:tests.LockFreeTest@34033bd0]" name="test2" duration-ms="0" started-at="2016-05-15T11:24:49Z" finished-at="2016-05-15T11:24:49Z">
          <reporter-output>
          </reporter-output>
        </test-method> <!-- test2 -->
        <test-method status="PASS" signature="test2()[pri:0, instance:tests.LockFreeTest@34033bd0]" name="test2" duration-ms="0" started-at="2016-05-15T11:24:49Z" finished-at="2016-05-15T11:24:49Z">
          <reporter-output>
          </reporter-output>
        </test-method> <!-- test2 -->
        <test-method status="PASS" signature="test2()[pri:0, instance:tests.LockFreeTest@34033bd0]" name="test2" duration-ms="0" started-at="2016-05-15T11:24:49Z" finished-at="2016-05-15T11:24:49Z">
          <reporter-output>
          </reporter-output>
        </test-method> <!-- test2 -->
        <test-method status="PASS" signature="test2()[pri:0, instance:tests.LockFreeTest@34033bd0]" name="test2" duration-ms="0" started-at="2016-05-15T11:24:49Z" finished-at="2016-05-15T11:24:49Z">
          <reporter-output>
          </reporter-output>
        </test-method> <!-- test2 -->
        <test-method status="PASS" signature="test2()[pri:0, instance:tests.LockFreeTest@34033bd0]" name="test2" duration-ms="0" started-at="2016-05-15T11:24:49Z" finished-at="2016-05-15T11:24:49Z">
          <reporter-output>
          </reporter-output>
        </test-method> <!-- test2 -->
        <test-method status="PASS" signature="test2()[pri:0, instance:tests.LockFreeTest@34033bd0]" name="test2" duration-ms="0" started-at="2016-05-15T11:24:49Z" finished-at="2016-05-15T11:24:49Z">
          <reporter-output>
          </reporter-output>
        </test-method> <!-- test2 -->
        <test-method status="PASS" signature="test2()[pri:0, instance:tests.LockFreeTest@34033bd0]" name="test2" duration-ms="0" started-at="2016-05-15T11:24:49Z" finished-at="2016-05-15T11:24:49Z">
          <reporter-output>
          </reporter-output>
        </test-method> <!-- test2 -->
        <test-method status="PASS" signature="test2()[pri:0, instance:tests.LockFreeTest@34033bd0]" name="test2" duration-ms="0" started-at="2016-05-15T11:24:49Z" finished-at="2016-05-15T11:24:49Z">
          <reporter-output>
          </reporter-output>
        </test-method> <!-- test2 -->
        <test-method status="PASS" signature="test2()[pri:0, instance:tests.LockFreeTest@34033bd0]" name="test2" duration-ms="0" started-at="2016-05-15T11:24:49Z" finished-at="2016-05-15T11:24:49Z">
          <reporter-output>
          </reporter-output>
        </test-method> <!-- test2 -->
        <test-method status="PASS" signature="test2()[pri:0, instance:tests.LockFreeTest@34033bd0]" name="test2" duration-ms="0" started-at="2016-05-15T11:24:49Z" finished-at="2016-05-15T11:24:49Z">
          <reporter-output>
          </reporter-output>
        </test-method> <!-- test2 -->
        <test-method status="PASS" signature="test2()[pri:0, instance:tests.LockFreeTest@34033bd0]" name="test2" duration-ms="0" started-at="2016-05-15T11:24:49Z" finished-at="2016-05-15T11:24:49Z">
          <reporter-output>
          </reporter-output>
        </test-method> <!-- test2 -->
        <test-method status="PASS" signature="test2()[pri:0, instance:tests.LockFreeTest@34033bd0]" name="test2" duration-ms="0" started-at="2016-05-15T11:24:49Z" finished-at="2016-05-15T11:24:49Z">
          <reporter-output>
          </reporter-output>
        </test-method> <!-- test2 -->
[...]
          <reporter-output>
          </reporter-output>
        </test-method> <!-- test2 -->
        <test-method status="PASS" signature="test2()[pri:0, instance:tests.LockFreeTest@34033bd0]" name="test2" duration-ms="0" started-at="2016-05-15T11:24:49Z" finished-at="2016-05-15T11:24:49Z">
          <reporter-output>
          </reporter-output>
        </test-method> <!-- test2 -->
        <test-method status="PASS" signature="test2()[pri:0, instance:tests.LockFreeTest@34033bd0]" name="test2" duration-ms="0" started-at="2016-05-15T11:24:49Z" finished-at="2016-05-15T11:24:49Z">
          <reporter-output>
          </reporter-output>
        </test-method> <!-- test2 -->
        <test-method status="PASS" signature="test2()[pri:0, instance:tests.LockFreeTest@34033bd0]" name="test2" duration-ms="0" started-at="2016-05-15T11:24:49Z" finished-at="2016-05-15T11:24:49Z">
          <reporter-output>
          </reporter-output>
        </test-method> <!-- test2 -->
        <test-method status="PASS" signature="test2()[pri:0, instance:tests.LockFreeTest@34033bd0]" name="test2" duration-ms="0" started-at="2016-05-15T11:24:49Z" finished-at="2016-05-15T11:24:49Z">
          <reporter-output>
          </reporter-output>
        </test-method> <!-- test2 -->
        <test-method status="PASS" signature="test2()[pri:0, instance:tests.LockFreeTest@34033bd0]" name="test2" duration-ms="0" started-at="2016-05-15T11:24:49Z" finished-at="2016-05-15T11:24:49Z">
          <reporter-output>
          </reporter-output>
        </test-method> <!-- test2 -->
        <test-method status="PASS" signature="test2()[pri:0, instance:tests.LockFreeTest@34033bd0]" name="test2" duration-ms="0" started-at="2016-05-15T11:24:49Z" finished-at="2016-05-15T11:24:49Z">
          <reporter-output>
          </reporter-output>
        </test-method> <!-- test2 -->
        <test-method status="PASS" signature="test2()[pri:0, instance:tests.LockFreeTest@34033bd0]" name="test2" duration-ms="0" started-at="2016-05-15T11:24:49Z" finished-at="2016-05-15T11:24:49Z">
          <reporter-output>
          </reporter-output>
        </test-method> <!-- test2 -->
        <test-method status="PASS" signature="test2()[pri:0, instance:tests.LockFreeTest@34033bd0]" name="test2" duration-ms="0" started-at="2016-05-15T11:24:49Z" finished-at="2016-05-15T11:24:49Z">
          <reporter-output>
          </reporter-output>
        </test-method> <!-- test2 -->
        <test-method status="PASS" signature="test2()[pri:0, instance:tests.LockFreeTest@34033bd0]" name="test2" duration-ms="0" started-at="2016-05-15T11:24:49Z" finished-at="2016-05-15T11:24:49Z">
          <reporter-output>
          </reporter-output>
        </test-method> <!-- test2 -->
        <test-method status="PASS" signature="test2()[pri:0, instance:tests.LockFreeTest@34033bd0]" name="test2" duration-ms="0" started-at="2016-05-15T11:24:49Z" finished-at="2016-05-15T11:24:49Z">
          <reporter-output>
          </reporter-output>
        </test-method> <!-- test2 -->
        <test-method status="PASS" signature="test2()[pri:0, instance:tests.LockFreeTest@34033bd0]" name="test2" duration-ms="0" started-at="2016-05-15T11:24:49Z" finished-at="2016-05-15T11:24:49Z">
          <reporter-output>
          </reporter-output>
        </test-method> <!-- test2 -->
        <test-method status="PASS" signature="test2()[pri:0, instance:tests.LockFreeTest@34033bd0]" name="test2" duration-ms="0" started-at="2016-05-15T11:24:49Z" finished-at="2016-05-15T11:24:49Z">
          <reporter-output>
          </reporter-output>
        </test-method> <!-- test2 -->
        <test-method status="PASS" signature="test2()[pri:0, instance:tests.LockFreeTest@34033bd0]" name="test2" duration-ms="0" started-at="2016-05-15T11:24:49Z" finished-at="2016-05-15T11:24:49Z">
          <reporter-output>
          </reporter-output>
        </test-method> <!-- test2 -->
        <test-method status="PASS" signature="test2()[pri:0, instance:tests.LockFreeTest@34033bd0]" name="test2" duration-ms="0" started-at="2016-05-15T11:24:49Z" finished-at="2016-05-15T11:24:49Z">
          <reporter-output>
          </reporter-output>
        </test-method> <!-- test2 -->
        <test-method status="PASS" signature="test2()[pri:0, instance:tests.LockFreeTest@34033bd0]" name="test2" duration-ms="0" started-at="2016-05-15T11:24:49Z" finished-at="2016-05-15T11:24:49Z">
          <reporter-output>
          </reporter-output>
        </test-method> <!-- test2 -->
        <test-method status="PASS" signature="test2()[pri:0, instance:tests.LockFreeTest@34033bd0]" name="test2" duration-ms="0" started-at="2016-05-15T11:24:49Z" finished-at="2016-05-15T11:24:49Z">
          <reporter-output>
          </reporter-output>
        </test-method> <!-- test2 -->
        <test-method status="PASS" signature="test2()[pri:0, instance:tests.LockFreeTest@34033bd0]" name="test2" duration-ms="0" started-at="2016-05-15T11:24:49Z" finished-at="2016-05-15T11:24:49Z">
          <reporter-output>
          </reporter-output>
        </test-method> <!-- test2 -->
        <test-method status="PASS" signature="test2()[pri:0, instance:tests.LockFreeTest@34033bd0]" name="test2" duration-ms="0" started-at="2016-05-15T11:24:49Z" finished-at="2016-05-15T11:24:49Z">
          <reporter-output>
          </reporter-output>
        </test-method> <!-- test2 -->
        <test-method status="PASS" signature="test2()[pri:0, instance:tests.LockFreeTest@34033bd0]" name="test2" duration-ms="0" started-at="2016-05-15T11:24:49Z" finished-at="2016-05-15T11:24:49Z">
          <reporter-output>
          </reporter-output>
        </test-method> <!-- test2 -->
        <test-method status="PASS" signature="test2()[pri:0, instance:tests.LockFreeTest@34033bd0]" name="test2" duration-ms="0" started-at="2016-05-15T11:24:49Z" finished-at="2016-05-15T11:24:49Z">
          <reporter-output>
          </reporter-output>
        </test-method> <!-- test2 -->
        <test-method status="PASS" signature="test2()[pri:0, instance:tests.LockFreeTest@34033bd0]" name="test2" duration-ms="0" started-at="2016-05-15T11:24:49Z" finished-at="2016-05-15T11:24:49Z">
          <reporter-output>
          </reporter-output>
        </test-method> <!-- test2 -->
        <test-method status="PASS" signature="test2()[pri:0, instance:tests.LockFreeTest@34033bd0]" name="test2" duration-ms="0" started-at="2016-05-15T11:24:49Z" finished-at="2016-05-15T11:24:49Z">
          <reporter-output>
          </reporter-output>
        </test-method> <!-- test2 -->
        <test-method status="PASS" signature="test2()[pri:0, instance:tests.LockFreeTest@34033bd0]" name="test2" duration-ms="0" started-at="2016-05-15T11:24:49Z" finished-at="2016-05-15T11:24:49Z">
          <reporter-output>
          </reporter-output>
        </test-method> <!-- test2 -->
        <test-method status="PASS" signature="test2()[pri:0, instance:tests.LockFreeTest@34033bd0]" name="test2" duration-ms="0" started-at="2016-05-15T11:24:49Z" finished-at="2016-05-15T11:24:49Z">
          <reporter-output>
          </reporter-output>
        </test-method> <!-- test2 -->
        <test-method status="PASS" signature="test2()[pri:0, instance:tests.LockFreeTest@34033bd0]" name="test2" duration-ms="0" started-at="2016-05-15T11:24:49Z" finished-at="2016-05-15T11:24:49Z">
          <reporter-output>
          </reporter-output>
        </test-method> <!-- test2 -->
        <test-method status="PASS" signature="test2()[pri:0, instance:tests.LockFreeTest@34033bd0]" name="test2" duration-ms="0" started-at="2016-05-15T11:24:49Z" finished-at="2016-05-15T11:24:49Z">
          <reporter-output>
          </reporter-output>
        </test-method> <!-- test2 -->
        <test-method status="PASS" signature="test2()[pri:0, instance:tests.LockFreeTest@34033bd0]" name="test2" duration-ms="15" started-at="2016-05-15T11:24:49Z" finished-at="2016-05-15T11:24:49Z">
          <reporter-output>
          </reporter-output>
        </test-method> <!-- test2 -->
        <test-method status="PASS" signature="test2()[pri:0, instance:tests.LockFreeTest@34033bd0]" name="test2" duration-ms="0" started-at="2016-05-15T11:24:49Z" finished-at="2016-05-15T11:24:49Z">
          <reporter-output>
          </reporter-output>
        </test-method> <!-- test2 -->
        <test-method status="PASS" signature="test2()[pri:0, instance:tests.LockFreeTest@34033bd0]" name="test2" duration-ms="0" started-at="2016-05-15T11:24:49Z" finished-at="2016-05-15T11:24:49Z">
          <reporter-output>
          </reporter-output>
        </test-method> <!-- test2 -->
        <test-method status="PASS" signature="test2()[pri:0, instance:tests.LockFreeTest@34033bd0]" name="test2" duration-ms="0" started-at="2016-05-15T11:24:49Z" finished-at="2016-05-15T11:24:49Z">
          <reporter-output>
          </reporter-output>
        </test-method> <!-- test2 -->
        <test-method status="PASS" signature="test2()[pri:0, instance:tests.LockFreeTest@34033bd0]" name="test2" duration-ms="0" started-at="2016-05-15T11:24:49Z" finished-at="2016-05-15T11:24:49Z">
          <reporter-output>
          </reporter-output>
        </test-method> <!-- test2 -->
        <test-method status="PASS" signature="test2()[pri:0, instance:tests.LockFreeTest@34033bd0]" name="test2" duration-ms="0" started-at="2016-05-15T11:24:49Z" finished-at="2016-05-15T11:24:49Z">
          <reporter-output>
          </reporter-output>
        </test-method> <!-- test2 -->
        <test-method status="PASS" signature="test2()[pri:0, instance:tests.LockFreeTest@34033bd0]" name="test2" duration-ms="0" started-at="2016-05-15T11:24:49Z" finished-at="2016-05-15T11:24:49Z">
          <reporter-output>
          </reporter-output>
        </test-method> <!-- test2 -->
        <test-method status="PASS" signature="test2()[pri:0, instance:tests.LockFreeTest@34033bd0]" name="test2" duration-ms="0" started-at="2016-05-15T11:24:49Z" finished-at="2016-05-15T11:24:49Z">
          <reporter-output>
          </reporter-output>
        </test-method> <!-- test2 -->
        <test-method status="PASS" signature="test2()[pri:0, instance:tests.LockFreeTest@34033bd0]" name="test2" duration-ms="0" started-at="2016-05-15T11:24:49Z" finished-at="2016-05-15T11:24:49Z">
          <reporter-output>
          </reporter-output>
        </test-method> <!-- test2 -->
        <test-method status="PASS" signature="test2()[pri:0, instance:tests.LockFreeTest@34033bd0]" name="test2" duration-ms="0" started-at="2016-05-15T11:24:49Z" finished-at="2016-05-15T11:24:49Z">
          <reporter-output>
          </reporter-output>
        </test-method> <!-- test2 -->
        <test-method status="PASS" signature="test2()[pri:0, instance:tests.LockFreeTest@34033bd0]" name="test2" duration-ms="0" started-at="2016-05-15T11:24:49Z" finished-at="2016-05-15T11:24:49Z">
          <reporter-output>
          </reporter-output>
        </test-method> <!-- test2 -->
        <test-method status="PASS" signature="test2()[pri:0, instance:tests.LockFreeTest@34033bd0]" name="test2" duration-ms="0" started-at="2016-05-15T11:24:49Z" finished-at="2016-05-15T11:24:49Z">
          <reporter-output>
          </reporter-output>
        </test-method> <!-- test2 -->
        <test-method status="PASS" signature="test2()[pri:0, instance:tests.LockFreeTest@34033bd0]" name="test2" duration-ms="0" started-at="2016-05-15T11:24:49Z" finished-at="2016-05-15T11:24:49Z">
          <reporter-output>
          </reporter-output>
        </test-method> <!-- test2 -->
        <test-method status="PASS" signature="test2()[pri:0, instance:tests.LockFreeTest@34033bd0]" name="test2" duration-ms="0" started-at="2016-05-15T11:24:49Z" finished-at="2016-05-15T11:24:49Z">
          <reporter-output>
          </reporter-output>
        </test-method> <!-- test2 -->
        <test-method status="PASS" signature="test2()[pri:0, instance:tests.LockFreeTest@34033bd0]" name="test2" duration-ms="0" started-at="2016-05-15T11:24:49Z" finished-at="2016-05-15T11:24:49Z">
          <reporter-output>
          </reporter-output>
        </test-method> <!-- test2 -->
        <test-method status="PASS" signature="test2()[pri:0, instance:tests.LockFreeTest@34033bd0]" name="test2" duration-ms="0" started-at="2016-05-15T11:24:49Z" finished-at="2016-05-15T11:24:49Z">
          <reporter-output>
          </reporter-output>
        </test-method> <!-- test2 -->
        <test-method status="PASS" signature="test2()[pri:0, instance:tests.LockFreeTest@34033bd0]" name="test2" duration-ms="0" started-at="2016-05-15T11:24:49Z" finished-at="2016-05-15T11:24:49Z">
          <reporter-output>
          </reporter-output>
        </test-method> <!-- test2 -->
        <test-method status="PASS" signature="test2()[pri:0, instance:tests.LockFreeTest@34033bd0]" name="test2" duration-ms="0" started-at="2016-05-15T11:24:49Z" finished-at="2016-05-15T11:24:49Z">
          <reporter-output>
          </reporter-output>
        </test-method> <!-- test2 -->
        <test-method status="PASS" signature="test2()[pri:0, instance:tests.LockFreeTest@34033bd0]" name="test2" duration-ms="0" started-at="2016-05-15T11:24:49Z" finished-at="2016-05-15T11:24:49Z">
          <reporter-output>
          </reporter-output>
        </test-method> <!-- test2 -->
        <test-method status="PASS" signature="test2()[pri:0, instance:tests.LockFreeTest@34033bd0]" name="test2" duration-ms="0" started-at="2016-05-15T11:24:49Z" finished-at="2016-05-15T11:24:49Z">
          <reporter-output>
          </reporter-output>
        </test-method> <!-- test2 -->
        <test-method status="PASS" signature="test2()[pri:0, instance:tests.LockFreeTest@34033bd0]" name="test2" duration-ms="0" started-at="2016-05-15T11:24:49Z" finished-at="2016-05-15T11:24:49Z">
          <reporter-output>
          </reporter-output>
        </test-method> <!-- test2 -->
        <test-method status="PASS" signature="test2()[pri:0, instance:tests.LockFreeTest@34033bd0]" name="test2" duration-ms="0" started-at="2016-05-15T11:24:49Z" finished-at="2016-05-15T11:24:49Z">
          <reporter-output>
          </reporter-output>
        </test-method> <!-- test2 -->
        <test-method status="PASS" signature="test2()[pri:0, instance:tests.LockFreeTest@34033bd0]" name="test2" duration-ms="0" started-at="2016-05-15T11:24:49Z" finished-at="2016-05-15T11:24:49Z">
          <reporter-output>
          </reporter-output>
        </test-method> <!-- test2 -->
        <test-method status="PASS" signature="test2()[pri:0, instance:tests.LockFreeTest@34033bd0]" name="test2" duration-ms="0" started-at="2016-05-15T11:24:49Z" finished-at="2016-05-15T11:24:49Z">
          <reporter-output>
          </reporter-output>
        </test-method> <!-- test2 -->
        <test-method status="PASS" signature="test2()[pri:0, instance:tests.LockFreeTest@34033bd0]" name="test2" duration-ms="0" started-at="2016-05-15T11:24:49Z" finished-at="2016-05-15T11:24:49Z">
          <reporter-output>
          </reporter-output>
        </test-method> <!-- test2 -->
        <test-method status="PASS" signature="test2()[pri:0, instance:tests.LockFreeTest@34033bd0]" name="test2" duration-ms="0" started-at="2016-05-15T11:24:49Z" finished-at="2016-05-15T11:24:49Z">
          <reporter-output>
          </reporter-output>
        </test-method> <!-- test2 -->
        <test-method status="PASS" signature="test2()[pri:0, instance:tests.LockFreeTest@34033bd0]" name="test2" duration-ms="0" started-at="2016-05-15T11:24:49Z" finished-at="2016-05-15T11:24:49Z">
          <reporter-output>
          </reporter-output>
        </test-method> <!-- test2 -->
        <test-method status="PASS" signature="test2()[pri:0, instance:tests.LockFreeTest@34033bd0]" name="test2" duration-ms="0" started-at="2016-05-15T11:24:49Z" finished-at="2016-05-15T11:24:49Z">
          <reporter-output>
          </reporter-output>
        </test-method> <!-- test2 -->
        <test-method status="PASS" signature="test2()[pri:0, instance:tests.LockFreeTest@34033bd0]" name="test2" duration-ms="0" started-at="2016-05-15T11:24:49Z" finished-at="2016-05-15T11:24:49Z">
          <reporter-output>
          </reporter-output>
        </test-method> <!-- test2 -->
        <test-method status="PASS" signature="test2()[pri:0, instance:tests.LockFreeTest@34033bd0]" name="test2" duration-ms="0" started-at="2016-05-15T11:24:49Z" finished-at="2016-05-15T11:24:49Z">
          <reporter-output>
          </reporter-output>
        </test-method> <!-- test2 -->
        <test-method status="PASS" signature="test2()[pri:0, instance:tests.LockFreeTest@34033bd0]" name="test2" duration-ms="0" started-at="2016-05-15T11:24:49Z" finished-at="2016-05-15T11:24:49Z">
          <reporter-output>
          </reporter-output>
        </test-method> <!-- test2 -->
        <test-method status="PASS" signature="test2()[pri:0, instance:tests.LockFreeTest@34033bd0]" name="test2" duration-ms="0" started-at="2016-05-15T11:24:49Z" finished-at="2016-05-15T11:24:49Z">
          <reporter-output>
          </reporter-output>
        </test-method> <!-- test2 -->
        <test-method status="PASS" signature="test2()[pri:0, instance:tests.LockFreeTest@34033bd0]" name="test2" duration-ms="0" started-at="2016-05-15T11:24:49Z" finished-at="2016-05-15T11:24:49Z">
          <reporter-output>
          </reporter-output>
        </test-method> <!-- test2 -->
        <test-method status="PASS" signature="test2()[pri:0, instance:tests.LockFreeTest@34033bd0]" name="test2" duration-ms="0" started-at="2016-05-15T11:24:49Z" finished-at="2016-05-15T11:24:49Z">
          <reporter-output>
          </reporter-output>
        </test-method> <!-- test2 -->
        <test-method status="PASS" signature="test2()[pri:0, instance:tests.LockFreeTest@34033bd0]" name="test2" duration-ms="0" started-at="2016-05-15T11:24:49Z" finished-at="2016-05-15T11:24:49Z">
          <reporter-output>
          </reporter-output>
        </test-method> <!-- test2 -->
        <test-method status="PASS" signature="test2()[pri:0, instance:tests.LockFreeTest@34033bd0]" name="test2" duration-ms="0" started-at="2016-05-15T11:24:49Z" finished-at="2016-05-15T11:24:49Z">
          <reporter-output>
          </reporter-output>
        </test-method> <!-- test2 -->
        <test-method status="PASS" signature="test2()[pri:0, instance:tests.LockFreeTest@34033bd0]" name="test2" duration-ms="0" started-at="2016-05-15T11:24:49Z" finished-at="2016-05-15T11:24:49Z">
          <reporter-output>
          </reporter-output>
        </test-method> <!-- test2 -->
        <test-method status="PASS" signature="test2()[pri:0, instance:tests.LockFreeTest@34033bd0]" name="test2" duration-ms="0" started-at="2016-05-15T11:24:49Z" finished-at="2016-05-15T11:24:49Z">
          <reporter-output>
          </reporter-output>
        </test-method> <!-- test2 -->
        <test-method status="PASS" signature="test2()[pri:0, instance:tests.LockFreeTest@34033bd0]" name="test2" duration-ms="0" started-at="2016-05-15T11:24:49Z" finished-at="2016-05-15T11:24:49Z">
          <reporter-output>
          </reporter-output>
        </test-method> <!-- test2 -->
        <test-method status="PASS" signature="test2()[pri:0, instance:tests.LockFreeTest@34033bd0]" name="test2" duration-ms="0" started-at="2016-05-15T11:24:49Z" finished-at="2016-05-15T11:24:49Z">
          <reporter-output>
          </reporter-output>
        </test-method> <!-- test2 -->
        <test-method status="PASS" signature="tearDown()[pri:0, instance:tests.LockFreeTest@34033bd0]" name="tearDown" is-config="true" duration-ms="4" started-at="2016-05-15T11:24:49Z" finished-at="2016-05-15T11:24:49Z">
          <reporter-output>
          </reporter-output>
        </test-method> <!-- tearDown -->
      </class> <!-- tests.LockFreeTest -->
    </test> <!-- Default test -->
  </suite> <!-- Default suite -->
</testng-results>
