<?xml version="1.0" encoding="UTF-8"?>
<!-- Generated by org.testng.reporters.JUnitReportReporter -->
<testsuite hostname="MW7WWXLOX6IAWR" name="tests.MarkableTest" tests="16" failures="0" timestamp="11 Mar 2016 13:56:19 GMT" time="0.100" errors="0">
  <testcase name="f2" time="0.000" classname="tests.MarkableTest"/>
  <testcase name="f2" time="0.000" classname="tests.MarkableTest"/>
  <testcase name="f2" time="0.000" classname="tests.MarkableTest"/>
  <testcase name="f" time="0.010" classname="tests.MarkableTest"/>
  <testcase name="f" time="0.010" classname="tests.MarkableTest"/>
  <testcase name="f" time="0.010" classname="tests.MarkableTest"/>
  <testcase name="f2" time="0.000" classname="tests.MarkableTest"/>
  <testcase name="f" time="0.010" classname="tests.MarkableTest"/>
  <testcase name="f" time="0.000" classname="tests.MarkableTest"/>
  <testcase name="f" time="0.010" classname="tests.MarkableTest"/>
  <testcase name="f" time="0.010" classname="tests.MarkableTest"/>
  <testcase name="f" time="0.010" classname="tests.MarkableTest"/>
  <testcase name="f" time="0.010" classname="tests.MarkableTest"/>
  <testcase name="f2" time="0.010" classname="tests.MarkableTest"/>
  <testcase name="f" time="0.010" classname="tests.MarkableTest"/>
  <testcase name="f2" time="0.000" classname="tests.MarkableTest"/>
</testsuite> <!-- tests.MarkableTest -->
